This file contains any messages produced by compilers while
running configure, to aid debugging if configure makes a mistake.

It was created by GWmodel configure 2.2-0, which was
generated by GNU Autoconf 2.69.  Invocation command line was

  $ ./configure 

## --------- ##
## Platform. ##
## --------- ##

hostname = ml-experiments
uname -m = x86_64
uname -r = 5.4.0-52-generic
uname -s = Linux
uname -v = #57-Ubuntu SMP Thu Oct 15 10:57:00 UTC 2020

/usr/bin/uname -p = x86_64
/bin/uname -X     = unknown

/bin/arch              = x86_64
/usr/bin/arch -k       = unknown
/usr/convex/getsysinfo = unknown
/usr/bin/hostinfo      = unknown
/bin/machine           = unknown
/usr/bin/oslevel       = unknown
/bin/universe          = unknown

PATH: /home/akhila/anaconda3/bin
PATH: /usr/local/sbin
PATH: /usr/local/bin
PATH: /usr/sbin
PATH: /usr/bin
PATH: /sbin
PATH: /bin
PATH: /usr/games
PATH: /usr/local/games
PATH: /snap/bin
PATH: /home/akhila/.dotnet/tools


## ----------- ##
## Core tests. ##
## ----------- ##

configure:1862: checking for g++
configure:1878: found /usr/bin/g++
configure:1889: result: g++
configure:1916: checking for C++ compiler version
configure:1925: g++ --version >&5
g++ (Ubuntu 9.3.0-17ubuntu1~20.04) 9.3.0
Copyright (C) 2019 Free Software Foundation, Inc.
This is free software; see the source for copying conditions.  There is NO
warranty; not even for MERCHANTABILITY or FITNESS FOR A PARTICULAR PURPOSE.

configure:1936: $? = 0
configure:1925: g++ -v >&5
Using built-in specs.
COLLECT_GCC=g++
COLLECT_LTO_WRAPPER=/usr/lib/gcc/x86_64-linux-gnu/9/lto-wrapper
OFFLOAD_TARGET_NAMES=nvptx-none:hsa
OFFLOAD_TARGET_DEFAULT=1
Target: x86_64-linux-gnu
Configured with: ../src/configure -v --with-pkgversion='Ubuntu 9.3.0-17ubuntu1~20.04' --with-bugurl=file:///usr/share/doc/gcc-9/README.Bugs --enable-languages=c,ada,c++,go,brig,d,fortran,objc,obj-c++,gm2 --prefix=/usr --with-gcc-major-version-only --program-suffix=-9 --program-prefix=x86_64-linux-gnu- --enable-shared --enable-linker-build-id --libexecdir=/usr/lib --without-included-gettext --enable-threads=posix --libdir=/usr/lib --enable-nls --enable-clocale=gnu --enable-libstdcxx-debug --enable-libstdcxx-time=yes --with-default-libstdcxx-abi=new --enable-gnu-unique-object --disable-vtable-verify --enable-plugin --enable-default-pie --with-system-zlib --with-target-system-zlib=auto --enable-objc-gc=auto --enable-multiarch --disable-werror --with-arch-32=i686 --with-abi=m64 --with-multilib-list=m32,m64,mx32 --enable-multilib --with-tune=generic --enable-offload-targets=nvptx-none=/build/gcc-9-HskZEa/gcc-9-9.3.0/debian/tmp-nvptx/usr,hsa --without-cuda-driver --enable-checking=release --build=x86_64-linux-gnu --host=x86_64-linux-gnu --target=x86_64-linux-gnu
Thread model: posix
gcc version 9.3.0 (Ubuntu 9.3.0-17ubuntu1~20.04) 
configure:1936: $? = 0
configure:1925: g++ -V >&5
g++: error: unrecognized command line option '-V'
g++: fatal error: no input files
compilation terminated.
configure:1936: $? = 1
configure:1925: g++ -qversion >&5
g++: error: unrecognized command line option '-qversion'; did you mean '--version'?
g++: fatal error: no input files
compilation terminated.
configure:1936: $? = 1
configure:1956: checking whether the C++ compiler works
configure:1978: g++    conftest.cpp  >&5
configure:1982: $? = 0
configure:2030: result: yes
configure:2033: checking for C++ compiler default output file name
configure:2035: result: a.out
configure:2041: checking for suffix of executables
configure:2048: g++ -o conftest    conftest.cpp  >&5
configure:2052: $? = 0
configure:2074: result: 
configure:2096: checking whether we are cross compiling
configure:2104: g++ -o conftest    conftest.cpp  >&5
configure:2108: $? = 0
configure:2115: ./conftest
configure:2119: $? = 0
configure:2107: result: no
configure:2112: checking for suffix of object files
configure:2134: g++ -c   conftest.cpp >&5
configure:2138: $? = 0
configure:2159: result: o
configure:2163: checking whether we are using the GNU C++ compiler
configure:2182: g++ -c   conftest.cpp >&5
configure:2182: $? = 0
configure:2191: result: yes
configure:2200: checking whether g++ accepts -g
configure:2220: g++ -c -g  conftest.cpp >&5
configure:2220: $? = 0
configure:2261: result: yes
configure:2290: checking how to run the C++ preprocessor
configure:2317: g++ -E  conftest.cpp
configure:2317: $? = 0
configure:2331: g++ -E  conftest.cpp
conftest.cpp:9:10: fatal error: ac_nonexistent.h: No such file or directory
    9 | #include <ac_nonexistent.h>
      |          ^~~~~~~~~~~~~~~~~~
compilation terminated.
configure:2331: $? = 1
configure: failed program was:
| /* confdefs.h */
| #define PACKAGE_NAME "GWmodel"
| #define PACKAGE_TARNAME "gwmodel"
| #define PACKAGE_VERSION "2.2-0"
| #define PACKAGE_STRING "GWmodel 2.2-0"
| #define PACKAGE_BUGREPORT ""
| #define PACKAGE_URL ""
| /* end confdefs.h.  */
| #include <ac_nonexistent.h>
configure:2356: result: g++ -E
configure:2376: g++ -E  conftest.cpp
configure:2376: $? = 0
configure:2390: g++ -E  conftest.cpp
conftest.cpp:9:10: fatal error: ac_nonexistent.h: No such file or directory
    9 | #include <ac_nonexistent.h>
      |          ^~~~~~~~~~~~~~~~~~
compilation terminated.
configure:2390: $? = 1
configure: failed program was:
| /* confdefs.h */
| #define PACKAGE_NAME "GWmodel"
| #define PACKAGE_TARNAME "gwmodel"
| #define PACKAGE_VERSION "2.2-0"
| #define PACKAGE_STRING "GWmodel 2.2-0"
| #define PACKAGE_BUGREPORT ""
| #define PACKAGE_URL ""
| /* end confdefs.h.  */
| #include <ac_nonexistent.h>
configure:2534: checking for C++ compiler version
configure:2543: g++ --version >&5
g++ (Ubuntu 9.3.0-17ubuntu1~20.04) 9.3.0
Copyright (C) 2019 Free Software Foundation, Inc.
This is free software; see the source for copying conditions.  There is NO
warranty; not even for MERCHANTABILITY or FITNESS FOR A PARTICULAR PURPOSE.

configure:2554: $? = 0
configure:2543: g++ -v >&5
Using built-in specs.
COLLECT_GCC=g++
COLLECT_LTO_WRAPPER=/usr/lib/gcc/x86_64-linux-gnu/9/lto-wrapper
OFFLOAD_TARGET_NAMES=nvptx-none:hsa
OFFLOAD_TARGET_DEFAULT=1
Target: x86_64-linux-gnu
Configured with: ../src/configure -v --with-pkgversion='Ubuntu 9.3.0-17ubuntu1~20.04' --with-bugurl=file:///usr/share/doc/gcc-9/README.Bugs --enable-languages=c,ada,c++,go,brig,d,fortran,objc,obj-c++,gm2 --prefix=/usr --with-gcc-major-version-only --program-suffix=-9 --program-prefix=x86_64-linux-gnu- --enable-shared --enable-linker-build-id --libexecdir=/usr/lib --without-included-gettext --enable-threads=posix --libdir=/usr/lib --enable-nls --enable-clocale=gnu --enable-libstdcxx-debug --enable-libstdcxx-time=yes --with-default-libstdcxx-abi=new --enable-gnu-unique-object --disable-vtable-verify --enable-plugin --enable-default-pie --with-system-zlib --with-target-system-zlib=auto --enable-objc-gc=auto --enable-multiarch --disable-werror --with-arch-32=i686 --with-abi=m64 --with-multilib-list=m32,m64,mx32 --enable-multilib --with-tune=generic --enable-offload-targets=nvptx-none=/build/gcc-9-HskZEa/gcc-9-9.3.0/debian/tmp-nvptx/usr,hsa --without-cuda-driver --enable-checking=release --build=x86_64-linux-gnu --host=x86_64-linux-gnu --target=x86_64-linux-gnu
Thread model: posix
gcc version 9.3.0 (Ubuntu 9.3.0-17ubuntu1~20.04) 
configure:2554: $? = 0
configure:2543: g++ -V >&5
g++: error: unrecognized command line option '-V'
g++: fatal error: no input files
compilation terminated.
configure:2554: $? = 1
configure:2543: g++ -qversion >&5
g++: error: unrecognized command line option '-qversion'; did you mean '--version'?
g++: fatal error: no input files
compilation terminated.
configure:2554: $? = 1
configure:2558: checking whether we are using the GNU C++ compiler
configure:2586: result: yes
configure:2595: checking whether g++ accepts -g
configure:2656: result: yes
configure:2785: result: building the nvcc command line
configure:2788: result: building the cuda include path
configure:2795: Building Makevars
configure:2946: creating ./config.status

## ---------------------- ##
## Running config.status. ##
## ---------------------- ##

This file was extended by GWmodel config.status 2.2-0, which was
generated by GNU Autoconf 2.69.  Invocation command line was

  CONFIG_FILES    = 
  CONFIG_HEADERS  = 
  CONFIG_LINKS    = 
  CONFIG_COMMANDS = 
  $ ./config.status 

on ml-experiments

config.status:732: creating src/Makevars

## ---------------- ##
## Cache variables. ##
## ---------------- ##

ac_cv_cxx_compiler_gnu=yes
ac_cv_env_CCC_set=
ac_cv_env_CCC_value=
ac_cv_env_CPPFLAGS_set=
ac_cv_env_CPPFLAGS_value=
ac_cv_env_CXXCPP_set=
ac_cv_env_CXXCPP_value=
ac_cv_env_CXXFLAGS_set=
ac_cv_env_CXXFLAGS_value=
ac_cv_env_CXX_set=
ac_cv_env_CXX_value=
ac_cv_env_LDFLAGS_set=
ac_cv_env_LDFLAGS_value=
ac_cv_env_LIBS_set=
ac_cv_env_LIBS_value=
ac_cv_env_build_alias_set=
ac_cv_env_build_alias_value=
ac_cv_env_host_alias_set=
ac_cv_env_host_alias_value=
ac_cv_env_target_alias_set=
ac_cv_env_target_alias_value=
ac_cv_objext=o
ac_cv_prog_CXXCPP='g++ -E'
ac_cv_prog_ac_ct_CXX=g++
ac_cv_prog_cxx_g=yes

## ----------------- ##
## Output variables. ##
## ----------------- ##

CDEFS=''
CPPFLAGS=''
CUDA_INCL='/include'
CUDA_LIBDIR=''
CUDA_LIBS=''
CU_INCL=''
CXX='g++'
CXXCPP='g++ -E'
CXXFLAGS='-g -O2'
DEFS='-DPACKAGE_NAME=\"GWmodel\" -DPACKAGE_TARNAME=\"gwmodel\" -DPACKAGE_VERSION=\"2.2-0\" -DPACKAGE_STRING=\"GWmodel\ 2.2-0\" -DPACKAGE_BUGREPORT=\"\" -DPACKAGE_URL=\"\"'
ECHO_C=''
ECHO_N='-n'
ECHO_T=''
ENABLE_CUDA='0'
EXEEXT=''
GWmodel_CUDA_LIB_PATH='~/.cache/GWmodel'
LDFLAGS=''
LIBOBJS=''
LIBS=''
LTLIBOBJS=''
NVCC='/bin/nvcc'
OBJECTS_CUDA=''
OBJEXT='o'
PACKAGE_BUGREPORT=''
PACKAGE_NAME='GWmodel'
PACKAGE_STRING='GWmodel 2.2-0'
PACKAGE_TARNAME='gwmodel'
PACKAGE_URL=''
PACKAGE_VERSION='2.2-0'
PATH_SEPARATOR=':'
PKG_LIBS=''
SHELL='/bin/bash'
TARGET_CUDA_LIB=''
ac_ct_CXX='g++'
bindir='${exec_prefix}/bin'
build_alias=''
cpp_sharedlibs_cuda=''
cpp_sources_cuda=''
cu_sharedlibs=''
cu_sources=''
datadir='${datarootdir}'
datarootdir='${prefix}/share'
docdir='${datarootdir}/doc/${PACKAGE_TARNAME}'
dvidir='${docdir}'
exec_prefix='${prefix}'
host_alias=''
htmldir='${docdir}'
includedir='${prefix}/include'
infodir='${datarootdir}/info'
libdir='${exec_prefix}/lib'
libexecdir='${exec_prefix}/libexec'
localedir='${datarootdir}/locale'
localstatedir='${prefix}/var'
mandir='${datarootdir}/man'
oldincludedir='/usr/include'
pdfdir='${docdir}'
prefix='/usr/local'
program_transform_name='s,x,x,'
psdir='${docdir}'
runstatedir='${localstatedir}/run'
sbindir='${exec_prefix}/sbin'
sharedstatedir='${prefix}/com'
sysconfdir='${prefix}/etc'
target_alias=''

## ----------- ##
## confdefs.h. ##
## ----------- ##

/* confdefs.h */
#define PACKAGE_NAME "GWmodel"
#define PACKAGE_TARNAME "gwmodel"
#define PACKAGE_VERSION "2.2-0"
#define PACKAGE_STRING "GWmodel 2.2-0"
#define PACKAGE_BUGREPORT ""
#define PACKAGE_URL ""

configure: exit 0
