This file contains any messages produced by compilers while
running configure, to aid debugging if configure makes a mistake.

It was created by configure, which was
generated by GNU Autoconf 2.69.  Invocation command line was

  $ ./configure 

## --------- ##
## Platform. ##
## --------- ##

hostname = ml-experiments
uname -m = x86_64
uname -r = 5.4.0-52-generic
uname -s = Linux
uname -v = #57-Ubuntu SMP Thu Oct 15 10:57:00 UTC 2020

/usr/bin/uname -p = x86_64
/bin/uname -X     = unknown

/bin/arch              = x86_64
/usr/bin/arch -k       = unknown
/usr/convex/getsysinfo = unknown
/usr/bin/hostinfo      = unknown
/bin/machine           = unknown
/usr/bin/oslevel       = unknown
/bin/universe          = unknown

PATH: /home/akhila/anaconda3/bin
PATH: /usr/local/sbin
PATH: /usr/local/bin
PATH: /usr/sbin
PATH: /usr/bin
PATH: /sbin
PATH: /bin
PATH: /usr/games
PATH: /usr/local/games
PATH: /snap/bin
PATH: /home/akhila/.dotnet/tools


## ----------- ##
## Core tests. ##
## ----------- ##

configure:2061: CC: gcc -std=gnu99
configure:2063: CXX: g++ -std=gnu++11
configure:2073: pkg-config proj exists, will use it
configure:2120: using proj.h.
configure:3364: PROJ: 7.1.1
configure:3447: checking PROJ: checking whether PROJ and sqlite3 are available for linking:
configure:3456: result: yes
configure:3688: POSTGIS_PROJ_VERSION: 71
configure:3725: checking for geos-config
configure:3743: found /usr/bin/geos-config
configure:3756: result: /usr/bin/geos-config
configure:3792: checking geos-config usability
configure:3801: result: yes
configure:3810: GEOS: 3.8.1
configure:3812: checking GEOS version >= 3.5.0
configure:3820: result: yes
configure:3861: checking geos: linking with -L/usr/lib/x86_64-linux-gnu -lgeos_c
configure:3871: result: yes
configure:3908: checking for GEOS_init_r in -lgeos_c
configure:3933: gcc -std=gnu99 -o conftest -g -O2 -fdebug-prefix-map=/build/r-base-8T8CYO/r-base-4.0.3=. -fstack-protector-strong -Wformat -Werror=format-security -Wdate-time -D_FORTIFY_SOURCE=2 -g    -DHAVE_PROJ_H  -DUSE_PROJ_H -I/usr/include -Wl,-Bsymbolic-functions -Wl,-z,relro conftest.c -lgeos_c  -lproj     -L/usr/lib/x86_64-linux-gnu -lgeos_c >&5
configure:3933: $? = 0
configure:3942: result: yes
configure:3962: Package CPP flags:  -DUSE_PROJ_H -I/usr/include -DPOSTGIS_GEOS_VERSION=35 -I./liblwgeom -DHAVE_LIBGEOM_INTERNAL_H
configure:3964: Package LIBS: -lproj     -L/usr/lib/x86_64-linux-gnu -lgeos_c
configure:4111: creating ./config.status

## ---------------------- ##
## Running config.status. ##
## ---------------------- ##

This file was extended by config.status, which was
generated by GNU Autoconf 2.69.  Invocation command line was

  CONFIG_FILES    = 
  CONFIG_HEADERS  = 
  CONFIG_LINKS    = 
  CONFIG_COMMANDS = 
  $ ./config.status 

on ml-experiments

config.status:728: creating src/Makevars
config.status:728: creating src/postgis_config.h

## ---------------- ##
## Cache variables. ##
## ---------------- ##

ac_cv_env_CC_set=
ac_cv_env_CC_value=
ac_cv_env_CFLAGS_set=
ac_cv_env_CFLAGS_value=
ac_cv_env_CPPFLAGS_set=
ac_cv_env_CPPFLAGS_value=
ac_cv_env_CPP_set=
ac_cv_env_CPP_value=
ac_cv_env_LDFLAGS_set=
ac_cv_env_LDFLAGS_value=
ac_cv_env_LIBS_set=
ac_cv_env_LIBS_value=
ac_cv_env_build_alias_set=
ac_cv_env_build_alias_value=
ac_cv_env_host_alias_set=
ac_cv_env_host_alias_value=
ac_cv_env_target_alias_set=
ac_cv_env_target_alias_value=
ac_cv_lib_geos_c_GEOS_init_r=yes
ac_cv_path_GEOS_CONFIG=/usr/bin/geos-config

## ----------------- ##
## Output variables. ##
## ----------------- ##

CC='gcc -std=gnu99'
CFLAGS='-g -O2 -fdebug-prefix-map=/build/r-base-8T8CYO/r-base-4.0.3=. -fstack-protector-strong -Wformat -Werror=format-security -Wdate-time -D_FORTIFY_SOURCE=2 -g'
CPP=''
CPPFLAGS='   -DHAVE_PROJ_H  -DUSE_PROJ_H -I/usr/include'
DEFS='-DPACKAGE_NAME=\"\" -DPACKAGE_TARNAME=\"\" -DPACKAGE_VERSION=\"\" -DPACKAGE_STRING=\"\" -DPACKAGE_BUGREPORT=\"\" -DPACKAGE_URL=\"\"'
ECHO_C=''
ECHO_N='-n'
ECHO_T=''
EGREP=''
EXEEXT=''
GEOS_CONFIG='/usr/bin/geos-config'
GEOS_LIBS='-L/usr/lib/x86_64-linux-gnu -lgeos_c'
GREP=''
LDFLAGS='-Wl,-Bsymbolic-functions -Wl,-z,relro'
LIBOBJS=''
LIBS='-lproj     -L/usr/lib/x86_64-linux-gnu -lgeos_c'
LTLIBOBJS=''
OBJECTS=' $(OBJECTS_RCPP) $(OBJECTS_LIBLWGEOM)'
OBJEXT=''
PACKAGE_BUGREPORT=''
PACKAGE_NAME=''
PACKAGE_STRING=''
PACKAGE_TARNAME=''
PACKAGE_URL=''
PACKAGE_VERSION=''
PATH_SEPARATOR=':'
PKG_CPPFLAGS=' -DUSE_PROJ_H -I/usr/include -DPOSTGIS_GEOS_VERSION=35 -I./liblwgeom -DHAVE_LIBGEOM_INTERNAL_H'
PKG_LIBS='-lproj     -L/usr/lib/x86_64-linux-gnu -lgeos_c -lgeos_c'
POSTGIS_PROJ_VERSION='71'
PROJ_CPPFLAGS=' -DHAVE_PROJ_H'
PROJ_LIBS='-lproj '
SHELL='/bin/bash'
ac_ct_CC=''
bindir='${exec_prefix}/bin'
build_alias=''
datadir='${datarootdir}'
datarootdir='${prefix}/share'
docdir='${datarootdir}/doc/${PACKAGE}'
dvidir='${docdir}'
exec_prefix='${prefix}'
host_alias=''
htmldir='${docdir}'
includedir='${prefix}/include'
infodir='${datarootdir}/info'
libdir='${exec_prefix}/lib'
libexecdir='${exec_prefix}/libexec'
localedir='${datarootdir}/locale'
localstatedir='${prefix}/var'
mandir='${datarootdir}/man'
oldincludedir='/usr/include'
pdfdir='${docdir}'
prefix='/usr/local'
program_transform_name='s,x,x,'
psdir='${docdir}'
runstatedir='${localstatedir}/run'
sbindir='${exec_prefix}/sbin'
sharedstatedir='${prefix}/com'
sysconfdir='${prefix}/etc'
target_alias=''

## ----------- ##
## confdefs.h. ##
## ----------- ##

/* confdefs.h */
#define PACKAGE_NAME ""
#define PACKAGE_TARNAME ""
#define PACKAGE_VERSION ""
#define PACKAGE_STRING ""
#define PACKAGE_BUGREPORT ""
#define PACKAGE_URL ""

configure: exit 0
