This file contains any messages produced by compilers while
running configure, to aid debugging if configure makes a mistake.

It was created by libuv configure 1.37.0, which was
generated by GNU Autoconf 2.69.  Invocation command line was

  $ ./configure --quiet

## --------- ##
## Platform. ##
## --------- ##

hostname = ml-experiments
uname -m = x86_64
uname -r = 5.4.0-52-generic
uname -s = Linux
uname -v = #57-Ubuntu SMP Thu Oct 15 10:57:00 UTC 2020

/usr/bin/uname -p = x86_64
/bin/uname -X     = unknown

/bin/arch              = x86_64
/usr/bin/arch -k       = unknown
/usr/convex/getsysinfo = unknown
/usr/bin/hostinfo      = unknown
/bin/machine           = unknown
/usr/bin/oslevel       = unknown
/bin/universe          = unknown

PATH: /home/akhila/anaconda3/bin
PATH: /usr/local/sbin
PATH: /usr/local/bin
PATH: /usr/sbin
PATH: /usr/bin
PATH: /sbin
PATH: /bin
PATH: /usr/games
PATH: /usr/local/games
PATH: /snap/bin
PATH: /home/akhila/.dotnet/tools


## ----------- ##
## Core tests. ##
## ----------- ##

configure:2349: checking for a BSD-compatible install
configure:2417: result: /usr/bin/install -c
configure:2428: checking whether build environment is sane
configure:2483: result: yes
configure:2632: checking for a thread-safe mkdir -p
configure:2671: result: /usr/bin/mkdir -p
configure:2678: checking for gawk
configure:2694: found /usr/bin/gawk
configure:2705: result: gawk
configure:2716: checking whether make sets $(MAKE)
configure:2738: result: yes
configure:2767: checking whether make supports nested variables
configure:2784: result: yes
configure:2914: checking build system type
configure:2928: result: x86_64-pc-linux-gnu
configure:2948: checking host system type
configure:2961: result: x86_64-pc-linux-gnu
configure:3091: checking for gcc
configure:3118: result: gcc -std=gnu99
configure:3347: checking for C compiler version
configure:3356: gcc -std=gnu99 --version >&5
gcc (Ubuntu 9.3.0-17ubuntu1~20.04) 9.3.0
Copyright (C) 2019 Free Software Foundation, Inc.
This is free software; see the source for copying conditions.  There is NO
warranty; not even for MERCHANTABILITY or FITNESS FOR A PARTICULAR PURPOSE.

configure:3367: $? = 0
configure:3356: gcc -std=gnu99 -v >&5
Using built-in specs.
COLLECT_GCC=gcc
COLLECT_LTO_WRAPPER=/usr/lib/gcc/x86_64-linux-gnu/9/lto-wrapper
OFFLOAD_TARGET_NAMES=nvptx-none:hsa
OFFLOAD_TARGET_DEFAULT=1
Target: x86_64-linux-gnu
Configured with: ../src/configure -v --with-pkgversion='Ubuntu 9.3.0-17ubuntu1~20.04' --with-bugurl=file:///usr/share/doc/gcc-9/README.Bugs --enable-languages=c,ada,c++,go,brig,d,fortran,objc,obj-c++,gm2 --prefix=/usr --with-gcc-major-version-only --program-suffix=-9 --program-prefix=x86_64-linux-gnu- --enable-shared --enable-linker-build-id --libexecdir=/usr/lib --without-included-gettext --enable-threads=posix --libdir=/usr/lib --enable-nls --enable-clocale=gnu --enable-libstdcxx-debug --enable-libstdcxx-time=yes --with-default-libstdcxx-abi=new --enable-gnu-unique-object --disable-vtable-verify --enable-plugin --enable-default-pie --with-system-zlib --with-target-system-zlib=auto --enable-objc-gc=auto --enable-multiarch --disable-werror --with-arch-32=i686 --with-abi=m64 --with-multilib-list=m32,m64,mx32 --enable-multilib --with-tune=generic --enable-offload-targets=nvptx-none=/build/gcc-9-HskZEa/gcc-9-9.3.0/debian/tmp-nvptx/usr,hsa --without-cuda-driver --enable-checking=release --build=x86_64-linux-gnu --host=x86_64-linux-gnu --target=x86_64-linux-gnu
Thread model: posix
gcc version 9.3.0 (Ubuntu 9.3.0-17ubuntu1~20.04) 
configure:3367: $? = 0
configure:3356: gcc -std=gnu99 -V >&5
gcc: error: unrecognized command line option '-V'
gcc: fatal error: no input files
compilation terminated.
configure:3367: $? = 1
configure:3356: gcc -std=gnu99 -qversion >&5
gcc: error: unrecognized command line option '-qversion'; did you mean '--version'?
gcc: fatal error: no input files
compilation terminated.
configure:3367: $? = 1
configure:3387: checking whether the C compiler works
configure:3409: gcc -std=gnu99 -g -O2 -fdebug-prefix-map=/build/r-base-8T8CYO/r-base-4.0.3=. -fstack-protector-strong -Wformat -Werror=format-security -Wdate-time -D_FORTIFY_SOURCE=2 -g  -fpic -fvisibility=hidden  -Wl,-Bsymbolic-functions -Wl,-z,relro conftest.c  >&5
configure:3413: $? = 0
configure:3461: result: yes
configure:3464: checking for C compiler default output file name
configure:3466: result: a.out
configure:3472: checking for suffix of executables
configure:3479: gcc -std=gnu99 -o conftest -g -O2 -fdebug-prefix-map=/build/r-base-8T8CYO/r-base-4.0.3=. -fstack-protector-strong -Wformat -Werror=format-security -Wdate-time -D_FORTIFY_SOURCE=2 -g  -fpic -fvisibility=hidden  -Wl,-Bsymbolic-functions -Wl,-z,relro conftest.c  >&5
configure:3483: $? = 0
configure:3505: result: 
configure:3527: checking whether we are cross compiling
configure:3535: gcc -std=gnu99 -o conftest -g -O2 -fdebug-prefix-map=/build/r-base-8T8CYO/r-base-4.0.3=. -fstack-protector-strong -Wformat -Werror=format-security -Wdate-time -D_FORTIFY_SOURCE=2 -g  -fpic -fvisibility=hidden  -Wl,-Bsymbolic-functions -Wl,-z,relro conftest.c  >&5
configure:3539: $? = 0
configure:3546: ./conftest
configure:3550: $? = 0
configure:3538: result: no
configure:3543: checking for suffix of object files
configure:3565: gcc -std=gnu99 -c -g -O2 -fdebug-prefix-map=/build/r-base-8T8CYO/r-base-4.0.3=. -fstack-protector-strong -Wformat -Werror=format-security -Wdate-time -D_FORTIFY_SOURCE=2 -g  -fpic -fvisibility=hidden  conftest.c >&5
configure:3569: $? = 0
configure:3590: result: o
configure:3594: checking whether we are using the GNU C compiler
configure:3613: gcc -std=gnu99 -c -g -O2 -fdebug-prefix-map=/build/r-base-8T8CYO/r-base-4.0.3=. -fstack-protector-strong -Wformat -Werror=format-security -Wdate-time -D_FORTIFY_SOURCE=2 -g  -fpic -fvisibility=hidden  conftest.c >&5
configure:3613: $? = 0
configure:3622: result: yes
configure:3631: checking whether gcc -std=gnu99 accepts -g
configure:3651: gcc -std=gnu99 -c -g  conftest.c >&5
configure:3651: $? = 0
configure:3692: result: yes
configure:3709: checking for gcc -std=gnu99 option to accept ISO C89
configure:3772: gcc -std=gnu99  -c -g -O2 -fdebug-prefix-map=/build/r-base-8T8CYO/r-base-4.0.3=. -fstack-protector-strong -Wformat -Werror=format-security -Wdate-time -D_FORTIFY_SOURCE=2 -g  -fpic -fvisibility=hidden  conftest.c >&5
configure:3772: $? = 0
configure:3785: result: none needed
configure:3810: checking whether gcc -std=gnu99 understands -c and -o together
configure:3832: gcc -std=gnu99 -c conftest.c -o conftest2.o
configure:3835: $? = 0
configure:3832: gcc -std=gnu99 -c conftest.c -o conftest2.o
configure:3835: $? = 0
configure:3847: result: yes
configure:3867: checking whether make supports the include directive
configure:3882: make -f confmf.GNU && cat confinc.out
make[1]: Entering directory '/home/akhila/fuzzer_packages/fuzzedpackages/httpuv/src/libuv'
make[1]: Leaving directory '/home/akhila/fuzzer_packages/fuzzedpackages/httpuv/src/libuv'
this is the am__doit target
configure:3885: $? = 0
configure:3899: result: yes (GNU style)
configure:3924: checking dependency style of gcc -std=gnu99
configure:4035: result: gcc3
configure:4053: checking for gcc -std=gnu99 way to treat warnings as errors
configure:4068: gcc -std=gnu99 -c -g -O2 -fdebug-prefix-map=/build/r-base-8T8CYO/r-base-4.0.3=. -fstack-protector-strong -Wformat -Werror=format-security -Wdate-time -D_FORTIFY_SOURCE=2 -g  -fpic -fvisibility=hidden -Werror  conftest.c >&5
configure:4068: $? = 0
configure:4111: result: -Werror
configure:4116: checking if gcc -std=gnu99 supports -fvisibility=hidden
configure:4133: gcc -std=gnu99 -c -g -O2 -fdebug-prefix-map=/build/r-base-8T8CYO/r-base-4.0.3=. -fstack-protector-strong -Wformat -Werror=format-security -Wdate-time -D_FORTIFY_SOURCE=2 -g  -fpic -fvisibility=hidden -Werror -fvisibility=hidden  conftest.c >&5
configure:4133: $? = 0
configure:4152: result: yes
configure:4165: checking if gcc -std=gnu99 supports -g flag
configure:4180: gcc -std=gnu99 -c -g -O2 -fdebug-prefix-map=/build/r-base-8T8CYO/r-base-4.0.3=. -fstack-protector-strong -Wformat -Werror=format-security -Wdate-time -D_FORTIFY_SOURCE=2 -g  -fpic -fvisibility=hidden -g  conftest.c >&5
configure:4180: $? = 0
configure:4197: result: yes
configure:4209: checking if gcc -std=gnu99 supports -std=gnu89 flag
configure:4224: gcc -std=gnu99 -c -g -O2 -fdebug-prefix-map=/build/r-base-8T8CYO/r-base-4.0.3=. -fstack-protector-strong -Wformat -Werror=format-security -Wdate-time -D_FORTIFY_SOURCE=2 -g  -fpic -fvisibility=hidden -g -std=gnu89  conftest.c >&5
configure:4224: $? = 0
configure:4241: result: yes
configure:4253: checking if gcc -std=gnu99 supports -Wall flag
configure:4268: gcc -std=gnu99 -c -g -O2 -fdebug-prefix-map=/build/r-base-8T8CYO/r-base-4.0.3=. -fstack-protector-strong -Wformat -Werror=format-security -Wdate-time -D_FORTIFY_SOURCE=2 -g  -fpic -fvisibility=hidden -g -std=gnu89 -Wall  conftest.c >&5
configure:4268: $? = 0
configure:4285: result: yes
configure:4297: checking if gcc -std=gnu99 supports -Wextra flag
configure:4312: gcc -std=gnu99 -c -g -O2 -fdebug-prefix-map=/build/r-base-8T8CYO/r-base-4.0.3=. -fstack-protector-strong -Wformat -Werror=format-security -Wdate-time -D_FORTIFY_SOURCE=2 -g  -fpic -fvisibility=hidden -g -std=gnu89 -Wall -Wextra  conftest.c >&5
configure:4312: $? = 0
configure:4329: result: yes
configure:4341: checking if gcc -std=gnu99 supports -Wno-long-long flag
configure:4356: gcc -std=gnu99 -c -g -O2 -fdebug-prefix-map=/build/r-base-8T8CYO/r-base-4.0.3=. -fstack-protector-strong -Wformat -Werror=format-security -Wdate-time -D_FORTIFY_SOURCE=2 -g  -fpic -fvisibility=hidden -g -std=gnu89 -Wall -Wextra -Wno-long-long  conftest.c >&5
configure:4356: $? = 0
configure:4373: result: yes
configure:4385: checking if gcc -std=gnu99 supports -Wno-unused-parameter flag
configure:4400: gcc -std=gnu99 -c -g -O2 -fdebug-prefix-map=/build/r-base-8T8CYO/r-base-4.0.3=. -fstack-protector-strong -Wformat -Werror=format-security -Wdate-time -D_FORTIFY_SOURCE=2 -g  -fpic -fvisibility=hidden -g -std=gnu89 -Wall -Wextra -Wno-long-long -Wno-unused-parameter  conftest.c >&5
configure:4400: $? = 0
configure:4417: result: yes
configure:4429: checking if gcc -std=gnu99 supports -Wstrict-prototypes flag
configure:4444: gcc -std=gnu99 -c -g -O2 -fdebug-prefix-map=/build/r-base-8T8CYO/r-base-4.0.3=. -fstack-protector-strong -Wformat -Werror=format-security -Wdate-time -D_FORTIFY_SOURCE=2 -g  -fpic -fvisibility=hidden -g -std=gnu89 -Wall -Wextra -Wno-long-long -Wno-unused-parameter -Wstrict-prototypes  conftest.c >&5
configure:4444: $? = 0
configure:4461: result: yes
configure:4573: checking the archiver (ar) interface
configure:4589: gcc -std=gnu99 -c -g -O2 -fdebug-prefix-map=/build/r-base-8T8CYO/r-base-4.0.3=. -fstack-protector-strong -Wformat -Werror=format-security -Wdate-time -D_FORTIFY_SOURCE=2 -g  -fpic -fvisibility=hidden -g -std=gnu89 -Wall -Wextra -Wno-long-long -Wno-unused-parameter -Wstrict-prototypes  conftest.c >&5
configure:4589: $? = 0
configure:4591: ar cru libconftest.a conftest.o >&5
ar: `u' modifier ignored since `D' is the default (see `U')
configure:4594: $? = 0
configure:4593: result: ar
configure:4660: checking how to print strings
configure:4687: result: printf
configure:4708: checking for a sed that does not truncate output
configure:4772: result: /bin/sed
configure:4790: checking for grep that handles long lines and -e
configure:4848: result: /usr/bin/grep
configure:4853: checking for egrep
configure:4915: result: /usr/bin/grep -E
configure:4920: checking for fgrep
configure:4982: result: /usr/bin/grep -F
configure:5017: checking for ld used by gcc -std=gnu99
configure:5084: result: /usr/bin/ld
configure:5091: checking if the linker (/usr/bin/ld) is GNU ld
configure:5106: result: yes
configure:5118: checking for BSD- or MS-compatible name lister (nm)
configure:5172: result: /usr/bin/nm -B
configure:5302: checking the name lister (/usr/bin/nm -B) interface
configure:5309: gcc -std=gnu99 -c -g -O2 -fdebug-prefix-map=/build/r-base-8T8CYO/r-base-4.0.3=. -fstack-protector-strong -Wformat -Werror=format-security -Wdate-time -D_FORTIFY_SOURCE=2 -g  -fpic -fvisibility=hidden -g -std=gnu89 -Wall -Wextra -Wno-long-long -Wno-unused-parameter -Wstrict-prototypes  conftest.c >&5
configure:5312: /usr/bin/nm -B "conftest.o"
configure:5315: output
0000000000000000 B some_variable
configure:5316: result: BSD nm
configure:5319: checking whether ln -s works
configure:5323: result: yes
configure:5331: checking the maximum length of command line arguments
configure:5462: result: 1572864
configure:5510: checking how to convert x86_64-pc-linux-gnu file names to x86_64-pc-linux-gnu format
configure:5550: result: func_convert_file_noop
configure:5557: checking how to convert x86_64-pc-linux-gnu file names to toolchain format
configure:5577: result: func_convert_file_noop
configure:5584: checking for /usr/bin/ld option to reload object files
configure:5591: result: -r
configure:5665: checking for objdump
configure:5681: found /usr/bin/objdump
configure:5692: result: objdump
configure:5724: checking how to recognize dependent libraries
configure:5924: result: pass_all
configure:6009: checking for dlltool
configure:6039: result: no
configure:6069: checking how to associate runtime and link libraries
configure:6096: result: printf %s\n
configure:6220: checking for archiver @FILE support
configure:6237: gcc -std=gnu99 -c -g -O2 -fdebug-prefix-map=/build/r-base-8T8CYO/r-base-4.0.3=. -fstack-protector-strong -Wformat -Werror=format-security -Wdate-time -D_FORTIFY_SOURCE=2 -g  -fpic -fvisibility=hidden -g -std=gnu89 -Wall -Wextra -Wno-long-long -Wno-unused-parameter -Wstrict-prototypes  conftest.c >&5
conftest.c:14:1: warning: function declaration isn't a prototype [-Wstrict-prototypes]
   14 | main ()
      | ^~~~
configure:6237: $? = 0
configure:6240: ar cru libconftest.a @conftest.lst >&5
ar: `u' modifier ignored since `D' is the default (see `U')
configure:6243: $? = 0
configure:6248: ar cru libconftest.a @conftest.lst >&5
ar: `u' modifier ignored since `D' is the default (see `U')
ar: conftest.o: No such file or directory
configure:6251: $? = 1
configure:6250: result: @
configure:6308: checking for strip
configure:6324: found /usr/bin/strip
configure:6335: result: strip
configure:6407: checking for ranlib
configure:6434: result: ranlib
configure:6536: checking command to parse /usr/bin/nm -B output from gcc -std=gnu99 object
configure:6689: gcc -std=gnu99 -c -g -O2 -fdebug-prefix-map=/build/r-base-8T8CYO/r-base-4.0.3=. -fstack-protector-strong -Wformat -Werror=format-security -Wdate-time -D_FORTIFY_SOURCE=2 -g  -fpic -fvisibility=hidden -g -std=gnu89 -Wall -Wextra -Wno-long-long -Wno-unused-parameter -Wstrict-prototypes  conftest.c >&5
conftest.c:10:5: warning: function declaration isn't a prototype [-Wstrict-prototypes]
   10 | int main(){nm_test_var='a';nm_test_func();return(0);}
      |     ^~~~
configure:6692: $? = 0
configure:6696: /usr/bin/nm -B conftest.o \| sed -n -e 's/^.*[ ]\([ABCDGIRSTW][ABCDGIRSTW]*\)[ ][ ]*\([_A-Za-z][_A-Za-z0-9]*\)$/\1 \2 \2/p' | sed '/ __gnu_lto/d' \> conftest.nm
configure:6699: $? = 0
configure:6765: gcc -std=gnu99 -o conftest -g -O2 -fdebug-prefix-map=/build/r-base-8T8CYO/r-base-4.0.3=. -fstack-protector-strong -Wformat -Werror=format-security -Wdate-time -D_FORTIFY_SOURCE=2 -g  -fpic -fvisibility=hidden -g -std=gnu89 -Wall -Wextra -Wno-long-long -Wno-unused-parameter -Wstrict-prototypes  -Wl,-Bsymbolic-functions -Wl,-z,relro conftest.c conftstm.o >&5
conftest.c:18:1: warning: function declaration isn't a prototype [-Wstrict-prototypes]
   18 | extern int nm_test_func();
      | ^~~~~~
configure:6768: $? = 0
configure:6806: result: ok
configure:6853: checking for sysroot
configure:6883: result: no
configure:6890: checking for a working dd
configure:6928: result: /usr/bin/dd
configure:6932: checking how to truncate binary pipes
configure:6947: result: /usr/bin/dd bs=4096 count=1
configure:7083: gcc -std=gnu99 -c -g -O2 -fdebug-prefix-map=/build/r-base-8T8CYO/r-base-4.0.3=. -fstack-protector-strong -Wformat -Werror=format-security -Wdate-time -D_FORTIFY_SOURCE=2 -g  -fpic -fvisibility=hidden -g -std=gnu89 -Wall -Wextra -Wno-long-long -Wno-unused-parameter -Wstrict-prototypes  conftest.c >&5
configure:7086: $? = 0
configure:7276: checking for mt
configure:7292: found /usr/bin/mt
configure:7303: result: mt
configure:7326: checking if mt is a manifest tool
configure:7332: mt '-?'
configure:7340: result: no
configure:8017: checking how to run the C preprocessor
configure:8048: gcc -std=gnu99 -E  conftest.c
configure:8048: $? = 0
configure:8062: gcc -std=gnu99 -E  conftest.c
conftest.c:12:10: fatal error: ac_nonexistent.h: No such file or directory
   12 | #include <ac_nonexistent.h>
      |          ^~~~~~~~~~~~~~~~~~
compilation terminated.
configure:8062: $? = 1
configure: failed program was:
| /* confdefs.h */
| #define PACKAGE_NAME "libuv"
| #define PACKAGE_TARNAME "libuv"
| #define PACKAGE_VERSION "1.37.0"
| #define PACKAGE_STRING "libuv 1.37.0"
| #define PACKAGE_BUGREPORT "https://github.com/libuv/libuv/issues"
| #define PACKAGE_URL ""
| #define PACKAGE "libuv"
| #define VERSION "1.37.0"
| #define SUPPORT_FLAG_VISIBILITY 1
| /* end confdefs.h.  */
| #include <ac_nonexistent.h>
configure:8087: result: gcc -std=gnu99 -E
configure:8107: gcc -std=gnu99 -E  conftest.c
configure:8107: $? = 0
configure:8121: gcc -std=gnu99 -E  conftest.c
conftest.c:12:10: fatal error: ac_nonexistent.h: No such file or directory
   12 | #include <ac_nonexistent.h>
      |          ^~~~~~~~~~~~~~~~~~
compilation terminated.
configure:8121: $? = 1
configure: failed program was:
| /* confdefs.h */
| #define PACKAGE_NAME "libuv"
| #define PACKAGE_TARNAME "libuv"
| #define PACKAGE_VERSION "1.37.0"
| #define PACKAGE_STRING "libuv 1.37.0"
| #define PACKAGE_BUGREPORT "https://github.com/libuv/libuv/issues"
| #define PACKAGE_URL ""
| #define PACKAGE "libuv"
| #define VERSION "1.37.0"
| #define SUPPORT_FLAG_VISIBILITY 1
| /* end confdefs.h.  */
| #include <ac_nonexistent.h>
configure:8150: checking for ANSI C header files
configure:8170: gcc -std=gnu99 -c -g -O2 -fdebug-prefix-map=/build/r-base-8T8CYO/r-base-4.0.3=. -fstack-protector-strong -Wformat -Werror=format-security -Wdate-time -D_FORTIFY_SOURCE=2 -g  -fpic -fvisibility=hidden -g -std=gnu89 -Wall -Wextra -Wno-long-long -Wno-unused-parameter -Wstrict-prototypes  conftest.c >&5
conftest.c:18:1: warning: function declaration isn't a prototype [-Wstrict-prototypes]
   18 | main ()
      | ^~~~
configure:8170: $? = 0
configure:8243: gcc -std=gnu99 -o conftest -g -O2 -fdebug-prefix-map=/build/r-base-8T8CYO/r-base-4.0.3=. -fstack-protector-strong -Wformat -Werror=format-security -Wdate-time -D_FORTIFY_SOURCE=2 -g  -fpic -fvisibility=hidden -g -std=gnu89 -Wall -Wextra -Wno-long-long -Wno-unused-parameter -Wstrict-prototypes  -Wl,-Bsymbolic-functions -Wl,-z,relro conftest.c  >&5
conftest.c:24:1: warning: function declaration isn't a prototype [-Wstrict-prototypes]
   24 | main ()
      | ^~~~
configure:8243: $? = 0
configure:8243: ./conftest
configure:8243: $? = 0
configure:8254: result: yes
configure:8267: checking for sys/types.h
configure:8267: gcc -std=gnu99 -c -g -O2 -fdebug-prefix-map=/build/r-base-8T8CYO/r-base-4.0.3=. -fstack-protector-strong -Wformat -Werror=format-security -Wdate-time -D_FORTIFY_SOURCE=2 -g  -fpic -fvisibility=hidden -g -std=gnu89 -Wall -Wextra -Wno-long-long -Wno-unused-parameter -Wstrict-prototypes  conftest.c >&5
configure:8267: $? = 0
configure:8267: result: yes
configure:8267: checking for sys/stat.h
configure:8267: gcc -std=gnu99 -c -g -O2 -fdebug-prefix-map=/build/r-base-8T8CYO/r-base-4.0.3=. -fstack-protector-strong -Wformat -Werror=format-security -Wdate-time -D_FORTIFY_SOURCE=2 -g  -fpic -fvisibility=hidden -g -std=gnu89 -Wall -Wextra -Wno-long-long -Wno-unused-parameter -Wstrict-prototypes  conftest.c >&5
configure:8267: $? = 0
configure:8267: result: yes
configure:8267: checking for stdlib.h
configure:8267: gcc -std=gnu99 -c -g -O2 -fdebug-prefix-map=/build/r-base-8T8CYO/r-base-4.0.3=. -fstack-protector-strong -Wformat -Werror=format-security -Wdate-time -D_FORTIFY_SOURCE=2 -g  -fpic -fvisibility=hidden -g -std=gnu89 -Wall -Wextra -Wno-long-long -Wno-unused-parameter -Wstrict-prototypes  conftest.c >&5
configure:8267: $? = 0
configure:8267: result: yes
configure:8267: checking for string.h
configure:8267: gcc -std=gnu99 -c -g -O2 -fdebug-prefix-map=/build/r-base-8T8CYO/r-base-4.0.3=. -fstack-protector-strong -Wformat -Werror=format-security -Wdate-time -D_FORTIFY_SOURCE=2 -g  -fpic -fvisibility=hidden -g -std=gnu89 -Wall -Wextra -Wno-long-long -Wno-unused-parameter -Wstrict-prototypes  conftest.c >&5
configure:8267: $? = 0
configure:8267: result: yes
configure:8267: checking for memory.h
configure:8267: gcc -std=gnu99 -c -g -O2 -fdebug-prefix-map=/build/r-base-8T8CYO/r-base-4.0.3=. -fstack-protector-strong -Wformat -Werror=format-security -Wdate-time -D_FORTIFY_SOURCE=2 -g  -fpic -fvisibility=hidden -g -std=gnu89 -Wall -Wextra -Wno-long-long -Wno-unused-parameter -Wstrict-prototypes  conftest.c >&5
configure:8267: $? = 0
configure:8267: result: yes
configure:8267: checking for strings.h
configure:8267: gcc -std=gnu99 -c -g -O2 -fdebug-prefix-map=/build/r-base-8T8CYO/r-base-4.0.3=. -fstack-protector-strong -Wformat -Werror=format-security -Wdate-time -D_FORTIFY_SOURCE=2 -g  -fpic -fvisibility=hidden -g -std=gnu89 -Wall -Wextra -Wno-long-long -Wno-unused-parameter -Wstrict-prototypes  conftest.c >&5
configure:8267: $? = 0
configure:8267: result: yes
configure:8267: checking for inttypes.h
configure:8267: gcc -std=gnu99 -c -g -O2 -fdebug-prefix-map=/build/r-base-8T8CYO/r-base-4.0.3=. -fstack-protector-strong -Wformat -Werror=format-security -Wdate-time -D_FORTIFY_SOURCE=2 -g  -fpic -fvisibility=hidden -g -std=gnu89 -Wall -Wextra -Wno-long-long -Wno-unused-parameter -Wstrict-prototypes  conftest.c >&5
configure:8267: $? = 0
configure:8267: result: yes
configure:8267: checking for stdint.h
configure:8267: gcc -std=gnu99 -c -g -O2 -fdebug-prefix-map=/build/r-base-8T8CYO/r-base-4.0.3=. -fstack-protector-strong -Wformat -Werror=format-security -Wdate-time -D_FORTIFY_SOURCE=2 -g  -fpic -fvisibility=hidden -g -std=gnu89 -Wall -Wextra -Wno-long-long -Wno-unused-parameter -Wstrict-prototypes  conftest.c >&5
configure:8267: $? = 0
configure:8267: result: yes
configure:8267: checking for unistd.h
configure:8267: gcc -std=gnu99 -c -g -O2 -fdebug-prefix-map=/build/r-base-8T8CYO/r-base-4.0.3=. -fstack-protector-strong -Wformat -Werror=format-security -Wdate-time -D_FORTIFY_SOURCE=2 -g  -fpic -fvisibility=hidden -g -std=gnu89 -Wall -Wextra -Wno-long-long -Wno-unused-parameter -Wstrict-prototypes  conftest.c >&5
configure:8267: $? = 0
configure:8267: result: yes
configure:8281: checking for dlfcn.h
configure:8281: gcc -std=gnu99 -c -g -O2 -fdebug-prefix-map=/build/r-base-8T8CYO/r-base-4.0.3=. -fstack-protector-strong -Wformat -Werror=format-security -Wdate-time -D_FORTIFY_SOURCE=2 -g  -fpic -fvisibility=hidden -g -std=gnu89 -Wall -Wextra -Wno-long-long -Wno-unused-parameter -Wstrict-prototypes  conftest.c >&5
configure:8281: $? = 0
configure:8281: result: yes
configure:8477: checking for objdir
configure:8492: result: .libs
configure:8756: checking if gcc -std=gnu99 supports -fno-rtti -fno-exceptions
configure:8774: gcc -std=gnu99 -c -g -O2 -fdebug-prefix-map=/build/r-base-8T8CYO/r-base-4.0.3=. -fstack-protector-strong -Wformat -Werror=format-security -Wdate-time -D_FORTIFY_SOURCE=2 -g  -fpic -fvisibility=hidden -g -std=gnu89 -Wall -Wextra -Wno-long-long -Wno-unused-parameter -Wstrict-prototypes  -fno-rtti -fno-exceptions conftest.c >&5
cc1: warning: command line option '-fno-rtti' is valid for C++/D/ObjC++ but not for C
configure:8778: $? = 0
configure:8791: result: no
configure:9149: checking for gcc -std=gnu99 option to produce PIC
configure:9156: result: -fPIC -DPIC
configure:9164: checking if gcc -std=gnu99 PIC flag -fPIC -DPIC works
configure:9182: gcc -std=gnu99 -c -g -O2 -fdebug-prefix-map=/build/r-base-8T8CYO/r-base-4.0.3=. -fstack-protector-strong -Wformat -Werror=format-security -Wdate-time -D_FORTIFY_SOURCE=2 -g  -fpic -fvisibility=hidden -g -std=gnu89 -Wall -Wextra -Wno-long-long -Wno-unused-parameter -Wstrict-prototypes  -fPIC -DPIC -DPIC conftest.c >&5
configure:9186: $? = 0
configure:9199: result: yes
configure:9228: checking if gcc -std=gnu99 static flag -static works
conftest.c:1:5: warning: function declaration isn't a prototype [-Wstrict-prototypes]
    1 | int main(){return(0);}
      |     ^~~~
configure:9256: result: yes
configure:9271: checking if gcc -std=gnu99 supports -c -o file.o
configure:9292: gcc -std=gnu99 -c -g -O2 -fdebug-prefix-map=/build/r-base-8T8CYO/r-base-4.0.3=. -fstack-protector-strong -Wformat -Werror=format-security -Wdate-time -D_FORTIFY_SOURCE=2 -g  -fpic -fvisibility=hidden -g -std=gnu89 -Wall -Wextra -Wno-long-long -Wno-unused-parameter -Wstrict-prototypes  -o out/conftest2.o conftest.c >&5
configure:9296: $? = 0
configure:9318: result: yes
configure:9326: checking if gcc -std=gnu99 supports -c -o file.o
configure:9373: result: yes
configure:9406: checking whether the gcc -std=gnu99 linker (/usr/bin/ld -m elf_x86_64) supports shared libraries
configure:10665: result: yes
configure:10702: checking whether -lc should be explicitly linked in
configure:10710: gcc -std=gnu99 -c -g -O2 -fdebug-prefix-map=/build/r-base-8T8CYO/r-base-4.0.3=. -fstack-protector-strong -Wformat -Werror=format-security -Wdate-time -D_FORTIFY_SOURCE=2 -g  -fpic -fvisibility=hidden -g -std=gnu89 -Wall -Wextra -Wno-long-long -Wno-unused-parameter -Wstrict-prototypes  conftest.c >&5
configure:10713: $? = 0
configure:10728: gcc -std=gnu99 -shared  -fPIC -DPIC conftest.o  -v -Wl,-soname -Wl,conftest -o conftest 2\>\&1 \| /usr/bin/grep  -lc  \>/dev/null 2\>\&1
configure:10731: $? = 0
configure:10745: result: no
configure:10905: checking dynamic linker characteristics
configure:11486: gcc -std=gnu99 -o conftest -g -O2 -fdebug-prefix-map=/build/r-base-8T8CYO/r-base-4.0.3=. -fstack-protector-strong -Wformat -Werror=format-security -Wdate-time -D_FORTIFY_SOURCE=2 -g  -fpic -fvisibility=hidden -g -std=gnu89 -Wall -Wextra -Wno-long-long -Wno-unused-parameter -Wstrict-prototypes  -Wl,-Bsymbolic-functions -Wl,-z,relro -Wl,-rpath -Wl,/foo conftest.c  >&5
conftest.c:26:1: warning: function declaration isn't a prototype [-Wstrict-prototypes]
   26 | main ()
      | ^~~~
configure:11486: $? = 0
configure:11723: result: GNU/Linux ld.so
configure:11845: checking how to hardcode library paths into programs
configure:11870: result: immediate
configure:12418: checking whether stripping libraries is possible
configure:12423: result: yes
configure:12458: checking if libtool supports shared libraries
configure:12460: result: yes
configure:12463: checking whether to build shared libraries
configure:12488: result: yes
configure:12491: checking whether to build static libraries
configure:12495: result: yes
configure:9335: checking whether make supports nested variables
configure:9352: result: yes
configure:9365: checking for dlopen in -ldl
configure:9390: gcc -std=gnu99 -o conftest -g -O2 -fdebug-prefix-map=/build/r-base-8T8CYO/r-base-4.0.3=. -fstack-protector-strong -Wformat -Werror=format-security -Wdate-time -D_FORTIFY_SOURCE=2 -g  -fpic -fvisibility=hidden -g -std=gnu89 -Wall -Wextra -Wno-long-long -Wno-unused-parameter -Wstrict-prototypes  -Wl,-Bsymbolic-functions -Wl,-z,relro conftest.c -ldl   >&5
conftest.c:31:1: warning: function declaration isn't a prototype [-Wstrict-prototypes]
   31 | char dlopen ();
      | ^~~~
conftest.c:33:1: warning: function declaration isn't a prototype [-Wstrict-prototypes]
   33 | main ()
      | ^~~~
configure:9390: $? = 0
configure:9399: result: yes
configure:9410: checking for kstat_lookup in -lkstat
configure:9435: gcc -std=gnu99 -o conftest -g -O2 -fdebug-prefix-map=/build/r-base-8T8CYO/r-base-4.0.3=. -fstack-protector-strong -Wformat -Werror=format-security -Wdate-time -D_FORTIFY_SOURCE=2 -g  -fpic -fvisibility=hidden -g -std=gnu89 -Wall -Wextra -Wno-long-long -Wno-unused-parameter -Wstrict-prototypes  -Wl,-Bsymbolic-functions -Wl,-z,relro conftest.c -lkstat  -ldl  >&5
conftest.c:32:1: warning: function declaration isn't a prototype [-Wstrict-prototypes]
   32 | char kstat_lookup ();
      | ^~~~
conftest.c:34:1: warning: function declaration isn't a prototype [-Wstrict-prototypes]
   34 | main ()
      | ^~~~
/usr/bin/ld: cannot find -lkstat
collect2: error: ld returned 1 exit status
configure:9435: $? = 1
configure: failed program was:
| /* confdefs.h */
| #define PACKAGE_NAME "libuv"
| #define PACKAGE_TARNAME "libuv"
| #define PACKAGE_VERSION "1.37.0"
| #define PACKAGE_STRING "libuv 1.37.0"
| #define PACKAGE_BUGREPORT "https://github.com/libuv/libuv/issues"
| #define PACKAGE_URL ""
| #define PACKAGE "libuv"
| #define VERSION "1.37.0"
| #define SUPPORT_FLAG_VISIBILITY 1
| #define STDC_HEADERS 1
| #define HAVE_SYS_TYPES_H 1
| #define HAVE_SYS_STAT_H 1
| #define HAVE_STDLIB_H 1
| #define HAVE_STRING_H 1
| #define HAVE_MEMORY_H 1
| #define HAVE_STRINGS_H 1
| #define HAVE_INTTYPES_H 1
| #define HAVE_STDINT_H 1
| #define HAVE_UNISTD_H 1
| #define HAVE_DLFCN_H 1
| #define LT_OBJDIR ".libs/"
| #define HAVE_LIBDL 1
| /* end confdefs.h.  */
| 
| /* Override any GCC internal prototype to avoid an error.
|    Use char because int might match the return type of a GCC
|    builtin and then its argument prototype would still apply.  */
| #ifdef __cplusplus
| extern "C"
| #endif
| char kstat_lookup ();
| int
| main ()
| {
| return kstat_lookup ();
|   ;
|   return 0;
| }
configure:9444: result: no
configure:9455: checking for gethostbyname in -lnsl
configure:9480: gcc -std=gnu99 -o conftest -g -O2 -fdebug-prefix-map=/build/r-base-8T8CYO/r-base-4.0.3=. -fstack-protector-strong -Wformat -Werror=format-security -Wdate-time -D_FORTIFY_SOURCE=2 -g  -fpic -fvisibility=hidden -g -std=gnu89 -Wall -Wextra -Wno-long-long -Wno-unused-parameter -Wstrict-prototypes  -Wl,-Bsymbolic-functions -Wl,-z,relro conftest.c -lnsl  -ldl  >&5
conftest.c:32:1: warning: function declaration isn't a prototype [-Wstrict-prototypes]
   32 | char gethostbyname ();
      | ^~~~
conftest.c:34:1: warning: function declaration isn't a prototype [-Wstrict-prototypes]
   34 | main ()
      | ^~~~
configure:9480: $? = 0
configure:9489: result: yes
configure:9500: checking for perfstat_cpu in -lperfstat
configure:9525: gcc -std=gnu99 -o conftest -g -O2 -fdebug-prefix-map=/build/r-base-8T8CYO/r-base-4.0.3=. -fstack-protector-strong -Wformat -Werror=format-security -Wdate-time -D_FORTIFY_SOURCE=2 -g  -fpic -fvisibility=hidden -g -std=gnu89 -Wall -Wextra -Wno-long-long -Wno-unused-parameter -Wstrict-prototypes  -Wl,-Bsymbolic-functions -Wl,-z,relro conftest.c -lperfstat  -lnsl -ldl  >&5
conftest.c:33:1: warning: function declaration isn't a prototype [-Wstrict-prototypes]
   33 | char perfstat_cpu ();
      | ^~~~
conftest.c:35:1: warning: function declaration isn't a prototype [-Wstrict-prototypes]
   35 | main ()
      | ^~~~
/usr/bin/ld: cannot find -lperfstat
collect2: error: ld returned 1 exit status
configure:9525: $? = 1
configure: failed program was:
| /* confdefs.h */
| #define PACKAGE_NAME "libuv"
| #define PACKAGE_TARNAME "libuv"
| #define PACKAGE_VERSION "1.37.0"
| #define PACKAGE_STRING "libuv 1.37.0"
| #define PACKAGE_BUGREPORT "https://github.com/libuv/libuv/issues"
| #define PACKAGE_URL ""
| #define PACKAGE "libuv"
| #define VERSION "1.37.0"
| #define SUPPORT_FLAG_VISIBILITY 1
| #define STDC_HEADERS 1
| #define HAVE_SYS_TYPES_H 1
| #define HAVE_SYS_STAT_H 1
| #define HAVE_STDLIB_H 1
| #define HAVE_STRING_H 1
| #define HAVE_MEMORY_H 1
| #define HAVE_STRINGS_H 1
| #define HAVE_INTTYPES_H 1
| #define HAVE_STDINT_H 1
| #define HAVE_UNISTD_H 1
| #define HAVE_DLFCN_H 1
| #define LT_OBJDIR ".libs/"
| #define HAVE_LIBDL 1
| #define HAVE_LIBNSL 1
| /* end confdefs.h.  */
| 
| /* Override any GCC internal prototype to avoid an error.
|    Use char because int might match the return type of a GCC
|    builtin and then its argument prototype would still apply.  */
| #ifdef __cplusplus
| extern "C"
| #endif
| char perfstat_cpu ();
| int
| main ()
| {
| return perfstat_cpu ();
|   ;
|   return 0;
| }
configure:9534: result: no
configure:9545: checking for pthread_mutex_init in -lpthread
configure:9570: gcc -std=gnu99 -o conftest -g -O2 -fdebug-prefix-map=/build/r-base-8T8CYO/r-base-4.0.3=. -fstack-protector-strong -Wformat -Werror=format-security -Wdate-time -D_FORTIFY_SOURCE=2 -g  -fpic -fvisibility=hidden -g -std=gnu89 -Wall -Wextra -Wno-long-long -Wno-unused-parameter -Wstrict-prototypes  -Wl,-Bsymbolic-functions -Wl,-z,relro conftest.c -lpthread  -lnsl -ldl  >&5
conftest.c:33:1: warning: function declaration isn't a prototype [-Wstrict-prototypes]
   33 | char pthread_mutex_init ();
      | ^~~~
conftest.c:35:1: warning: function declaration isn't a prototype [-Wstrict-prototypes]
   35 | main ()
      | ^~~~
configure:9570: $? = 0
configure:9579: result: yes
configure:9590: checking for clock_gettime in -lrt
configure:9615: gcc -std=gnu99 -o conftest -g -O2 -fdebug-prefix-map=/build/r-base-8T8CYO/r-base-4.0.3=. -fstack-protector-strong -Wformat -Werror=format-security -Wdate-time -D_FORTIFY_SOURCE=2 -g  -fpic -fvisibility=hidden -g -std=gnu89 -Wall -Wextra -Wno-long-long -Wno-unused-parameter -Wstrict-prototypes  -Wl,-Bsymbolic-functions -Wl,-z,relro conftest.c -lrt  -lpthread -lnsl -ldl  >&5
conftest.c:34:1: warning: function declaration isn't a prototype [-Wstrict-prototypes]
   34 | char clock_gettime ();
      | ^~~~
conftest.c:36:1: warning: function declaration isn't a prototype [-Wstrict-prototypes]
   36 | main ()
      | ^~~~
configure:9615: $? = 0
configure:9624: result: yes
configure:9635: checking for sendfile in -lsendfile
configure:9660: gcc -std=gnu99 -o conftest -g -O2 -fdebug-prefix-map=/build/r-base-8T8CYO/r-base-4.0.3=. -fstack-protector-strong -Wformat -Werror=format-security -Wdate-time -D_FORTIFY_SOURCE=2 -g  -fpic -fvisibility=hidden -g -std=gnu89 -Wall -Wextra -Wno-long-long -Wno-unused-parameter -Wstrict-prototypes  -Wl,-Bsymbolic-functions -Wl,-z,relro conftest.c -lsendfile  -lrt -lpthread -lnsl -ldl  >&5
conftest.c:35:1: warning: function declaration isn't a prototype [-Wstrict-prototypes]
   35 | char sendfile ();
      | ^~~~
conftest.c:37:1: warning: function declaration isn't a prototype [-Wstrict-prototypes]
   37 | main ()
      | ^~~~
/usr/bin/ld: cannot find -lsendfile
collect2: error: ld returned 1 exit status
configure:9660: $? = 1
configure: failed program was:
| /* confdefs.h */
| #define PACKAGE_NAME "libuv"
| #define PACKAGE_TARNAME "libuv"
| #define PACKAGE_VERSION "1.37.0"
| #define PACKAGE_STRING "libuv 1.37.0"
| #define PACKAGE_BUGREPORT "https://github.com/libuv/libuv/issues"
| #define PACKAGE_URL ""
| #define PACKAGE "libuv"
| #define VERSION "1.37.0"
| #define SUPPORT_FLAG_VISIBILITY 1
| #define STDC_HEADERS 1
| #define HAVE_SYS_TYPES_H 1
| #define HAVE_SYS_STAT_H 1
| #define HAVE_STDLIB_H 1
| #define HAVE_STRING_H 1
| #define HAVE_MEMORY_H 1
| #define HAVE_STRINGS_H 1
| #define HAVE_INTTYPES_H 1
| #define HAVE_STDINT_H 1
| #define HAVE_UNISTD_H 1
| #define HAVE_DLFCN_H 1
| #define LT_OBJDIR ".libs/"
| #define HAVE_LIBDL 1
| #define HAVE_LIBNSL 1
| #define HAVE_LIBPTHREAD 1
| #define HAVE_LIBRT 1
| /* end confdefs.h.  */
| 
| /* Override any GCC internal prototype to avoid an error.
|    Use char because int might match the return type of a GCC
|    builtin and then its argument prototype would still apply.  */
| #ifdef __cplusplus
| extern "C"
| #endif
| char sendfile ();
| int
| main ()
| {
| return sendfile ();
|   ;
|   return 0;
| }
configure:9669: result: no
configure:9680: checking for socket in -lsocket
configure:9705: gcc -std=gnu99 -o conftest -g -O2 -fdebug-prefix-map=/build/r-base-8T8CYO/r-base-4.0.3=. -fstack-protector-strong -Wformat -Werror=format-security -Wdate-time -D_FORTIFY_SOURCE=2 -g  -fpic -fvisibility=hidden -g -std=gnu89 -Wall -Wextra -Wno-long-long -Wno-unused-parameter -Wstrict-prototypes  -Wl,-Bsymbolic-functions -Wl,-z,relro conftest.c -lsocket  -lrt -lpthread -lnsl -ldl  >&5
conftest.c:35:1: warning: function declaration isn't a prototype [-Wstrict-prototypes]
   35 | char socket ();
      | ^~~~
conftest.c:37:1: warning: function declaration isn't a prototype [-Wstrict-prototypes]
   37 | main ()
      | ^~~~
/usr/bin/ld: cannot find -lsocket
collect2: error: ld returned 1 exit status
configure:9705: $? = 1
configure: failed program was:
| /* confdefs.h */
| #define PACKAGE_NAME "libuv"
| #define PACKAGE_TARNAME "libuv"
| #define PACKAGE_VERSION "1.37.0"
| #define PACKAGE_STRING "libuv 1.37.0"
| #define PACKAGE_BUGREPORT "https://github.com/libuv/libuv/issues"
| #define PACKAGE_URL ""
| #define PACKAGE "libuv"
| #define VERSION "1.37.0"
| #define SUPPORT_FLAG_VISIBILITY 1
| #define STDC_HEADERS 1
| #define HAVE_SYS_TYPES_H 1
| #define HAVE_SYS_STAT_H 1
| #define HAVE_STDLIB_H 1
| #define HAVE_STRING_H 1
| #define HAVE_MEMORY_H 1
| #define HAVE_STRINGS_H 1
| #define HAVE_INTTYPES_H 1
| #define HAVE_STDINT_H 1
| #define HAVE_UNISTD_H 1
| #define HAVE_DLFCN_H 1
| #define LT_OBJDIR ".libs/"
| #define HAVE_LIBDL 1
| #define HAVE_LIBNSL 1
| #define HAVE_LIBPTHREAD 1
| #define HAVE_LIBRT 1
| /* end confdefs.h.  */
| 
| /* Override any GCC internal prototype to avoid an error.
|    Use char because int might match the return type of a GCC
|    builtin and then its argument prototype would still apply.  */
| #ifdef __cplusplus
| extern "C"
| #endif
| char socket ();
| int
| main ()
| {
| return socket ();
|   ;
|   return 0;
| }
configure:9714: result: no
configure:9732: checking for special C compiler options needed for large files
configure:9777: result: no
configure:9783: checking for _FILE_OFFSET_BITS value needed for large files
configure:9808: gcc -std=gnu99 -c -g -O2 -fdebug-prefix-map=/build/r-base-8T8CYO/r-base-4.0.3=. -fstack-protector-strong -Wformat -Werror=format-security -Wdate-time -D_FORTIFY_SOURCE=2 -g  -fpic -fvisibility=hidden -g -std=gnu89 -Wall -Wextra -Wno-long-long -Wno-unused-parameter -Wstrict-prototypes  conftest.c >&5
conftest.c:38:1: warning: function declaration isn't a prototype [-Wstrict-prototypes]
   38 | main ()
      | ^~~~
configure:9808: $? = 0
configure:9840: result: no
configure:10165: checking sys/ahafs_evProds.h usability
configure:10165: gcc -std=gnu99 -c -g -O2 -fdebug-prefix-map=/build/r-base-8T8CYO/r-base-4.0.3=. -fstack-protector-strong -Wformat -Werror=format-security -Wdate-time -D_FORTIFY_SOURCE=2 -g  -fpic -fvisibility=hidden -g -std=gnu89 -Wall -Wextra -Wno-long-long -Wno-unused-parameter -Wstrict-prototypes  conftest.c >&5
conftest.c:61:10: fatal error: sys/ahafs_evProds.h: No such file or directory
   61 | #include <sys/ahafs_evProds.h>
      |          ^~~~~~~~~~~~~~~~~~~~~
compilation terminated.
configure:10165: $? = 1
configure: failed program was:
| /* confdefs.h */
| #define PACKAGE_NAME "libuv"
| #define PACKAGE_TARNAME "libuv"
| #define PACKAGE_VERSION "1.37.0"
| #define PACKAGE_STRING "libuv 1.37.0"
| #define PACKAGE_BUGREPORT "https://github.com/libuv/libuv/issues"
| #define PACKAGE_URL ""
| #define PACKAGE "libuv"
| #define VERSION "1.37.0"
| #define SUPPORT_FLAG_VISIBILITY 1
| #define STDC_HEADERS 1
| #define HAVE_SYS_TYPES_H 1
| #define HAVE_SYS_STAT_H 1
| #define HAVE_STDLIB_H 1
| #define HAVE_STRING_H 1
| #define HAVE_MEMORY_H 1
| #define HAVE_STRINGS_H 1
| #define HAVE_INTTYPES_H 1
| #define HAVE_STDINT_H 1
| #define HAVE_UNISTD_H 1
| #define HAVE_DLFCN_H 1
| #define LT_OBJDIR ".libs/"
| #define HAVE_LIBDL 1
| #define HAVE_LIBNSL 1
| #define HAVE_LIBPTHREAD 1
| #define HAVE_LIBRT 1
| /* end confdefs.h.  */
| #include <stdio.h>
| #ifdef HAVE_SYS_TYPES_H
| # include <sys/types.h>
| #endif
| #ifdef HAVE_SYS_STAT_H
| # include <sys/stat.h>
| #endif
| #ifdef STDC_HEADERS
| # include <stdlib.h>
| # include <stddef.h>
| #else
| # ifdef HAVE_STDLIB_H
| #  include <stdlib.h>
| # endif
| #endif
| #ifdef HAVE_STRING_H
| # if !defined STDC_HEADERS && defined HAVE_MEMORY_H
| #  include <memory.h>
| # endif
| # include <string.h>
| #endif
| #ifdef HAVE_STRINGS_H
| # include <strings.h>
| #endif
| #ifdef HAVE_INTTYPES_H
| # include <inttypes.h>
| #endif
| #ifdef HAVE_STDINT_H
| # include <stdint.h>
| #endif
| #ifdef HAVE_UNISTD_H
| # include <unistd.h>
| #endif
| #include <sys/ahafs_evProds.h>
configure:10165: result: no
configure:10165: checking sys/ahafs_evProds.h presence
configure:10165: gcc -std=gnu99 -E  conftest.c
conftest.c:28:10: fatal error: sys/ahafs_evProds.h: No such file or directory
   28 | #include <sys/ahafs_evProds.h>
      |          ^~~~~~~~~~~~~~~~~~~~~
compilation terminated.
configure:10165: $? = 1
configure: failed program was:
| /* confdefs.h */
| #define PACKAGE_NAME "libuv"
| #define PACKAGE_TARNAME "libuv"
| #define PACKAGE_VERSION "1.37.0"
| #define PACKAGE_STRING "libuv 1.37.0"
| #define PACKAGE_BUGREPORT "https://github.com/libuv/libuv/issues"
| #define PACKAGE_URL ""
| #define PACKAGE "libuv"
| #define VERSION "1.37.0"
| #define SUPPORT_FLAG_VISIBILITY 1
| #define STDC_HEADERS 1
| #define HAVE_SYS_TYPES_H 1
| #define HAVE_SYS_STAT_H 1
| #define HAVE_STDLIB_H 1
| #define HAVE_STRING_H 1
| #define HAVE_MEMORY_H 1
| #define HAVE_STRINGS_H 1
| #define HAVE_INTTYPES_H 1
| #define HAVE_STDINT_H 1
| #define HAVE_UNISTD_H 1
| #define HAVE_DLFCN_H 1
| #define LT_OBJDIR ".libs/"
| #define HAVE_LIBDL 1
| #define HAVE_LIBNSL 1
| #define HAVE_LIBPTHREAD 1
| #define HAVE_LIBRT 1
| /* end confdefs.h.  */
| #include <sys/ahafs_evProds.h>
configure:10165: result: no
configure:10165: checking for sys/ahafs_evProds.h
configure:10165: result: no
configure:10320: checking that generated files are newer than configure
configure:10326: result: done
configure:10413: creating ./config.status

## ---------------------- ##
## Running config.status. ##
## ---------------------- ##

This file was extended by libuv config.status 1.37.0, which was
generated by GNU Autoconf 2.69.  Invocation command line was

  CONFIG_FILES    = 
  CONFIG_HEADERS  = 
  CONFIG_LINKS    = 
  CONFIG_COMMANDS = 
  $ ./config.status --quiet

on ml-experiments

config.status:1041: creating Makefile
config.status:1041: creating libuv.pc
config.status:1244: executing depfiles commands
config.status:1317: cd .       && sed -e '/# am--include-marker/d' Makefile         | make -f - am--depfiles
make[1]: Entering directory '/home/akhila/fuzzer_packages/fuzzedpackages/httpuv/src/libuv'
make[1]: Leaving directory '/home/akhila/fuzzer_packages/fuzzedpackages/httpuv/src/libuv'
config.status:1322: $? = 0
config.status:1244: executing libtool commands

## ---------------- ##
## Cache variables. ##
## ---------------- ##

ac_cv_build=x86_64-pc-linux-gnu
ac_cv_c_compiler_gnu=yes
ac_cv_env_CC_set=set
ac_cv_env_CC_value='gcc -std=gnu99'
ac_cv_env_CFLAGS_set=set
ac_cv_env_CFLAGS_value='-g -O2 -fdebug-prefix-map=/build/r-base-8T8CYO/r-base-4.0.3=. -fstack-protector-strong -Wformat -Werror=format-security -Wdate-time -D_FORTIFY_SOURCE=2 -g  -fpic -fvisibility=hidden'
ac_cv_env_CPPFLAGS_set=
ac_cv_env_CPPFLAGS_value=
ac_cv_env_CPP_set=
ac_cv_env_CPP_value=
ac_cv_env_LDFLAGS_set=set
ac_cv_env_LDFLAGS_value='-Wl,-Bsymbolic-functions -Wl,-z,relro'
ac_cv_env_LIBS_set=
ac_cv_env_LIBS_value=
ac_cv_env_LT_SYS_LIBRARY_PATH_set=
ac_cv_env_LT_SYS_LIBRARY_PATH_value=
ac_cv_env_build_alias_set=
ac_cv_env_build_alias_value=
ac_cv_env_host_alias_set=
ac_cv_env_host_alias_value=
ac_cv_env_target_alias_set=
ac_cv_env_target_alias_value=
ac_cv_header_dlfcn_h=yes
ac_cv_header_inttypes_h=yes
ac_cv_header_memory_h=yes
ac_cv_header_stdc=yes
ac_cv_header_stdint_h=yes
ac_cv_header_stdlib_h=yes
ac_cv_header_string_h=yes
ac_cv_header_strings_h=yes
ac_cv_header_sys_ahafs_evProds_h=no
ac_cv_header_sys_stat_h=yes
ac_cv_header_sys_types_h=yes
ac_cv_header_unistd_h=yes
ac_cv_host=x86_64-pc-linux-gnu
ac_cv_lib_dl_dlopen=yes
ac_cv_lib_kstat_kstat_lookup=no
ac_cv_lib_nsl_gethostbyname=yes
ac_cv_lib_perfstat_perfstat_cpu=no
ac_cv_lib_pthread_pthread_mutex_init=yes
ac_cv_lib_rt_clock_gettime=yes
ac_cv_lib_sendfile_sendfile=no
ac_cv_lib_socket_socket=no
ac_cv_objext=o
ac_cv_path_EGREP='/usr/bin/grep -E'
ac_cv_path_FGREP='/usr/bin/grep -F'
ac_cv_path_GREP=/usr/bin/grep
ac_cv_path_SED=/bin/sed
ac_cv_path_install='/usr/bin/install -c'
ac_cv_path_lt_DD=/usr/bin/dd
ac_cv_path_mkdir=/usr/bin/mkdir
ac_cv_prog_AWK=gawk
ac_cv_prog_CPP='gcc -std=gnu99 -E'
ac_cv_prog_ac_ct_CC='gcc -std=gnu99'
ac_cv_prog_ac_ct_MANIFEST_TOOL=mt
ac_cv_prog_ac_ct_OBJDUMP=objdump
ac_cv_prog_ac_ct_RANLIB=ranlib
ac_cv_prog_ac_ct_STRIP=strip
ac_cv_prog_cc_c89=
ac_cv_prog_cc_g=yes
ac_cv_prog_make_make_set=yes
ac_cv_sys_file_offset_bits=no
ac_cv_sys_largefile_CC=no
am_cv_CC_dependencies_compiler_type=gcc3
am_cv_ar_interface=ar
am_cv_make_support_nested_variables=yes
am_cv_prog_cc_c_o=yes
cc_cv_cflags__Wall=yes
cc_cv_cflags__Werror=yes
cc_cv_cflags__Wextra=yes
cc_cv_cflags__Wno_long_long=yes
cc_cv_cflags__Wno_unused_parameter=yes
cc_cv_cflags__Wstrict_prototypes=yes
cc_cv_cflags__fvisibility_hidden=yes
cc_cv_cflags__g=yes
cc_cv_cflags__std_gnu89=yes
cc_cv_flag_visibility=yes
cc_cv_werror=-Werror
lt_cv_ar_at_file=@
lt_cv_archive_cmds_need_lc=no
lt_cv_deplibs_check_method=pass_all
lt_cv_file_magic_cmd='$MAGIC_CMD'
lt_cv_file_magic_test_file=
lt_cv_ld_reload_flag=-r
lt_cv_nm_interface='BSD nm'
lt_cv_objdir=.libs
lt_cv_path_LD=/usr/bin/ld
lt_cv_path_NM='/usr/bin/nm -B'
lt_cv_path_mainfest_tool=no
lt_cv_prog_compiler_c_o=yes
lt_cv_prog_compiler_pic='-fPIC -DPIC'
lt_cv_prog_compiler_pic_works=yes
lt_cv_prog_compiler_rtti_exceptions=no
lt_cv_prog_compiler_static_works=yes
lt_cv_prog_gnu_ld=yes
lt_cv_sharedlib_from_linklib_cmd='printf %s\n'
lt_cv_shlibpath_overrides_runpath=yes
lt_cv_sys_global_symbol_pipe='sed -n -e '\''s/^.*[	 ]\([ABCDGIRSTW][ABCDGIRSTW]*\)[	 ][	 ]*\([_A-Za-z][_A-Za-z0-9]*\)$/\1 \2 \2/p'\'' | sed '\''/ __gnu_lto/d'\'''
lt_cv_sys_global_symbol_to_c_name_address='sed -n -e '\''s/^: \(.*\) .*$/  {"\1", (void *) 0},/p'\'' -e '\''s/^[ABCDGIRSTW][ABCDGIRSTW]* .* \(.*\)$/  {"\1", (void *) \&\1},/p'\'''
lt_cv_sys_global_symbol_to_c_name_address_lib_prefix='sed -n -e '\''s/^: \(.*\) .*$/  {"\1", (void *) 0},/p'\'' -e '\''s/^[ABCDGIRSTW][ABCDGIRSTW]* .* \(lib.*\)$/  {"\1", (void *) \&\1},/p'\'' -e '\''s/^[ABCDGIRSTW][ABCDGIRSTW]* .* \(.*\)$/  {"lib\1", (void *) \&\1},/p'\'''
lt_cv_sys_global_symbol_to_cdecl='sed -n -e '\''s/^T .* \(.*\)$/extern int \1();/p'\'' -e '\''s/^[ABCDGIRSTW][ABCDGIRSTW]* .* \(.*\)$/extern char \1;/p'\'''
lt_cv_sys_global_symbol_to_import=
lt_cv_sys_max_cmd_len=1572864
lt_cv_to_host_file_cmd=func_convert_file_noop
lt_cv_to_tool_file_cmd=func_convert_file_noop
lt_cv_truncate_bin='/usr/bin/dd bs=4096 count=1'

## ----------------- ##
## Output variables. ##
## ----------------- ##

ACLOCAL='${SHELL} /home/akhila/fuzzer_packages/fuzzedpackages/httpuv/src/libuv/missing aclocal-1.16'
AIX_FALSE=''
AIX_TRUE='#'
AMDEPBACKSLASH='\'
AMDEP_FALSE='#'
AMDEP_TRUE=''
AMTAR='$${TAR-tar}'
AM_BACKSLASH='\'
AM_DEFAULT_V='$(AM_DEFAULT_VERBOSITY)'
AM_DEFAULT_VERBOSITY='0'
AM_V='$(V)'
ANDROID_FALSE=''
ANDROID_TRUE='#'
AR='ar'
AUTOCONF='${SHELL} /home/akhila/fuzzer_packages/fuzzedpackages/httpuv/src/libuv/missing autoconf'
AUTOHEADER='${SHELL} /home/akhila/fuzzer_packages/fuzzedpackages/httpuv/src/libuv/missing autoheader'
AUTOMAKE='${SHELL} /home/akhila/fuzzer_packages/fuzzedpackages/httpuv/src/libuv/missing automake-1.16'
AWK='gawk'
CC='gcc -std=gnu99'
CCDEPMODE='depmode=gcc3'
CFLAGS='-g -O2 -fdebug-prefix-map=/build/r-base-8T8CYO/r-base-4.0.3=. -fstack-protector-strong -Wformat -Werror=format-security -Wdate-time -D_FORTIFY_SOURCE=2 -g  -fpic -fvisibility=hidden -g -std=gnu89 -Wall -Wextra -Wno-long-long -Wno-unused-parameter -Wstrict-prototypes'
CPP='gcc -std=gnu99 -E'
CPPFLAGS=''
CYGPATH_W='echo'
CYGWIN_FALSE=''
CYGWIN_TRUE='#'
DARWIN_FALSE=''
DARWIN_TRUE='#'
DEFS='-DPACKAGE_NAME=\"libuv\" -DPACKAGE_TARNAME=\"libuv\" -DPACKAGE_VERSION=\"1.37.0\" -DPACKAGE_STRING=\"libuv\ 1.37.0\" -DPACKAGE_BUGREPORT=\"https://github.com/libuv/libuv/issues\" -DPACKAGE_URL=\"\" -DPACKAGE=\"libuv\" -DVERSION=\"1.37.0\" -DSUPPORT_FLAG_VISIBILITY=1 -DSTDC_HEADERS=1 -DHAVE_SYS_TYPES_H=1 -DHAVE_SYS_STAT_H=1 -DHAVE_STDLIB_H=1 -DHAVE_STRING_H=1 -DHAVE_MEMORY_H=1 -DHAVE_STRINGS_H=1 -DHAVE_INTTYPES_H=1 -DHAVE_STDINT_H=1 -DHAVE_UNISTD_H=1 -DHAVE_DLFCN_H=1 -DLT_OBJDIR=\".libs/\" -DHAVE_LIBDL=1 -DHAVE_LIBNSL=1 -DHAVE_LIBPTHREAD=1 -DHAVE_LIBRT=1'
DEPDIR='.deps'
DLLTOOL='false'
DRAGONFLY_FALSE=''
DRAGONFLY_TRUE='#'
DSYMUTIL=''
DUMPBIN=''
ECHO_C=''
ECHO_N='-n'
ECHO_T=''
EGREP='/usr/bin/grep -E'
EXEEXT=''
FGREP='/usr/bin/grep -F'
FREEBSD_FALSE=''
FREEBSD_TRUE='#'
GREP='/usr/bin/grep'
HAIKU_FALSE=''
HAIKU_TRUE='#'
HURD_FALSE=''
HURD_TRUE='#'
INSTALL_DATA='${INSTALL} -m 644'
INSTALL_PROGRAM='${INSTALL}'
INSTALL_SCRIPT='${INSTALL}'
INSTALL_STRIP_PROGRAM='$(install_sh) -c -s'
LD='/usr/bin/ld -m elf_x86_64'
LDFLAGS='-Wl,-Bsymbolic-functions -Wl,-z,relro'
LIBOBJS=''
LIBS='-lrt -lpthread -lnsl -ldl '
LIBTOOL='$(SHELL) $(top_builddir)/libtool'
LINUX_FALSE='#'
LINUX_TRUE=''
LIPO=''
LN_S='ln -s'
LTLIBOBJS=''
LT_SYS_LIBRARY_PATH=''
MAKEINFO='${SHELL} /home/akhila/fuzzer_packages/fuzzedpackages/httpuv/src/libuv/missing makeinfo'
MANIFEST_TOOL=':'
MKDIR_P='/usr/bin/mkdir -p'
MSYS_FALSE=''
MSYS_TRUE='#'
NETBSD_FALSE=''
NETBSD_TRUE='#'
NM='/usr/bin/nm -B'
NMEDIT=''
OBJDUMP='objdump'
OBJEXT='o'
OPENBSD_FALSE=''
OPENBSD_TRUE='#'
OS390_FALSE=''
OS390_TRUE='#'
OS400_FALSE=''
OS400_TRUE='#'
OTOOL64=''
OTOOL=''
PACKAGE='libuv'
PACKAGE_BUGREPORT='https://github.com/libuv/libuv/issues'
PACKAGE_NAME='libuv'
PACKAGE_STRING='libuv 1.37.0'
PACKAGE_TARNAME='libuv'
PACKAGE_URL=''
PACKAGE_VERSION='1.37.0'
PATH_SEPARATOR=':'
RANLIB='ranlib'
SED='/bin/sed'
SET_MAKE=''
SHELL='/bin/bash'
STRIP='strip'
SUNOS_FALSE=''
SUNOS_TRUE='#'
VERSION='1.37.0'
WINNT_FALSE=''
WINNT_TRUE='#'
ac_ct_AR=''
ac_ct_CC='gcc -std=gnu99'
ac_ct_DUMPBIN=''
am__EXEEXT_FALSE=''
am__EXEEXT_TRUE='#'
am__fastdepCC_FALSE='#'
am__fastdepCC_TRUE=''
am__include='include'
am__isrc=''
am__leading_dot='.'
am__nodep='_no'
am__quote=''
am__tar='$${TAR-tar} chof - "$$tardir"'
am__untar='$${TAR-tar} xf -'
bindir='${exec_prefix}/bin'
build='x86_64-pc-linux-gnu'
build_alias=''
build_cpu='x86_64'
build_os='linux-gnu'
build_vendor='pc'
datadir='${datarootdir}'
datarootdir='${prefix}/share'
docdir='${datarootdir}/doc/${PACKAGE_TARNAME}'
dvidir='${docdir}'
exec_prefix='${prefix}'
host='x86_64-pc-linux-gnu'
host_alias=''
host_cpu='x86_64'
host_os='linux-gnu'
host_vendor='pc'
htmldir='${docdir}'
includedir='${prefix}/include'
infodir='${datarootdir}/info'
install_sh='${SHELL} /home/akhila/fuzzer_packages/fuzzedpackages/httpuv/src/libuv/install-sh'
libdir='${exec_prefix}/lib'
libexecdir='${exec_prefix}/libexec'
localedir='${datarootdir}/locale'
localstatedir='${prefix}/var'
mandir='${datarootdir}/man'
mkdir_p='$(MKDIR_P)'
oldincludedir='/usr/include'
pdfdir='${docdir}'
prefix='/usr/local'
program_transform_name='s,x,x,'
psdir='${docdir}'
sbindir='${exec_prefix}/sbin'
sharedstatedir='${prefix}/com'
sysconfdir='${prefix}/etc'
target_alias=''

## ----------- ##
## confdefs.h. ##
## ----------- ##

/* confdefs.h */
#define PACKAGE_NAME "libuv"
#define PACKAGE_TARNAME "libuv"
#define PACKAGE_VERSION "1.37.0"
#define PACKAGE_STRING "libuv 1.37.0"
#define PACKAGE_BUGREPORT "https://github.com/libuv/libuv/issues"
#define PACKAGE_URL ""
#define PACKAGE "libuv"
#define VERSION "1.37.0"
#define SUPPORT_FLAG_VISIBILITY 1
#define STDC_HEADERS 1
#define HAVE_SYS_TYPES_H 1
#define HAVE_SYS_STAT_H 1
#define HAVE_STDLIB_H 1
#define HAVE_STRING_H 1
#define HAVE_MEMORY_H 1
#define HAVE_STRINGS_H 1
#define HAVE_INTTYPES_H 1
#define HAVE_STDINT_H 1
#define HAVE_UNISTD_H 1
#define HAVE_DLFCN_H 1
#define LT_OBJDIR ".libs/"
#define HAVE_LIBDL 1
#define HAVE_LIBNSL 1
#define HAVE_LIBPTHREAD 1
#define HAVE_LIBRT 1

configure: exit 0
