This file contains any messages produced by compilers while
running configure, to aid debugging if configure makes a mistake.

It was created by gdalcubes configure 0.3.1, which was
generated by GNU Autoconf 2.69.  Invocation command line was

  $ ./configure 

## --------- ##
## Platform. ##
## --------- ##

hostname = ml-experiments
uname -m = x86_64
uname -r = 5.4.0-52-generic
uname -s = Linux
uname -v = #57-Ubuntu SMP Thu Oct 15 10:57:00 UTC 2020

/usr/bin/uname -p = x86_64
/bin/uname -X     = unknown

/bin/arch              = x86_64
/usr/bin/arch -k       = unknown
/usr/convex/getsysinfo = unknown
/usr/bin/hostinfo      = unknown
/bin/machine           = unknown
/usr/bin/oslevel       = unknown
/bin/universe          = unknown

PATH: /home/akhila/anaconda3/bin
PATH: /usr/local/sbin
PATH: /usr/local/bin
PATH: /usr/sbin
PATH: /usr/bin
PATH: /sbin
PATH: /bin
PATH: /usr/games
PATH: /usr/local/games
PATH: /snap/bin
PATH: /home/akhila/.dotnet/tools


## ----------- ##
## Core tests. ##
## ----------- ##

configure:2101: CC: gcc -std=gnu99
configure:2103: CXX: g++ -std=gnu++11
configure:2131: checking for gdal-config
configure:2149: found /usr/bin/gdal-config
configure:2162: result: /usr/bin/gdal-config
configure:2199: checking gdal-config usability
configure:2208: result: yes
configure:2227: GDAL: 3.1.3
configure:2229: checking GDAL version >= 2.0.1
configure:2238: result: yes
configure:2370: checking for C++ compiler version
configure:2379: g++ -std=gnu++11 --version >&5
g++ (Ubuntu 9.3.0-17ubuntu1~20.04) 9.3.0
Copyright (C) 2019 Free Software Foundation, Inc.
This is free software; see the source for copying conditions.  There is NO
warranty; not even for MERCHANTABILITY or FITNESS FOR A PARTICULAR PURPOSE.

configure:2390: $? = 0
configure:2379: g++ -std=gnu++11 -v >&5
Using built-in specs.
COLLECT_GCC=g++
COLLECT_LTO_WRAPPER=/usr/lib/gcc/x86_64-linux-gnu/9/lto-wrapper
OFFLOAD_TARGET_NAMES=nvptx-none:hsa
OFFLOAD_TARGET_DEFAULT=1
Target: x86_64-linux-gnu
Configured with: ../src/configure -v --with-pkgversion='Ubuntu 9.3.0-17ubuntu1~20.04' --with-bugurl=file:///usr/share/doc/gcc-9/README.Bugs --enable-languages=c,ada,c++,go,brig,d,fortran,objc,obj-c++,gm2 --prefix=/usr --with-gcc-major-version-only --program-suffix=-9 --program-prefix=x86_64-linux-gnu- --enable-shared --enable-linker-build-id --libexecdir=/usr/lib --without-included-gettext --enable-threads=posix --libdir=/usr/lib --enable-nls --enable-clocale=gnu --enable-libstdcxx-debug --enable-libstdcxx-time=yes --with-default-libstdcxx-abi=new --enable-gnu-unique-object --disable-vtable-verify --enable-plugin --enable-default-pie --with-system-zlib --with-target-system-zlib=auto --enable-objc-gc=auto --enable-multiarch --disable-werror --with-arch-32=i686 --with-abi=m64 --with-multilib-list=m32,m64,mx32 --enable-multilib --with-tune=generic --enable-offload-targets=nvptx-none=/build/gcc-9-HskZEa/gcc-9-9.3.0/debian/tmp-nvptx/usr,hsa --without-cuda-driver --enable-checking=release --build=x86_64-linux-gnu --host=x86_64-linux-gnu --target=x86_64-linux-gnu
Thread model: posix
gcc version 9.3.0 (Ubuntu 9.3.0-17ubuntu1~20.04) 
configure:2390: $? = 0
configure:2379: g++ -std=gnu++11 -V >&5
g++: error: unrecognized command line option '-V'
g++: fatal error: no input files
compilation terminated.
configure:2390: $? = 1
configure:2379: g++ -std=gnu++11 -qversion >&5
g++: error: unrecognized command line option '-qversion'; did you mean '--version'?
g++: fatal error: no input files
compilation terminated.
configure:2390: $? = 1
configure:2410: checking whether the C++ compiler works
configure:2432: g++ -std=gnu++11    -I/usr/include/gdal  conftest.cpp  >&5
configure:2436: $? = 0
configure:2484: result: yes
configure:2487: checking for C++ compiler default output file name
configure:2489: result: a.out
configure:2495: checking for suffix of executables
configure:2502: g++ -std=gnu++11 -o conftest    -I/usr/include/gdal  conftest.cpp  >&5
configure:2506: $? = 0
configure:2528: result: 
configure:2550: checking whether we are cross compiling
configure:2558: g++ -std=gnu++11 -o conftest    -I/usr/include/gdal  conftest.cpp  >&5
configure:2562: $? = 0
configure:2569: ./conftest
configure:2573: $? = 0
configure:2561: result: no
configure:2566: checking for suffix of object files
configure:2588: g++ -std=gnu++11 -c    -I/usr/include/gdal conftest.cpp >&5
configure:2592: $? = 0
configure:2613: result: o
configure:2617: checking whether we are using the GNU C++ compiler
configure:2636: g++ -std=gnu++11 -c    -I/usr/include/gdal conftest.cpp >&5
configure:2636: $? = 0
configure:2645: result: yes
configure:2654: checking whether g++ -std=gnu++11 accepts -g
configure:2674: g++ -std=gnu++11 -c -g   -I/usr/include/gdal conftest.cpp >&5
configure:2674: $? = 0
configure:2715: result: yes
configure:2744: checking how to run the C++ preprocessor
configure:2771: g++ -std=gnu++11 -E   -I/usr/include/gdal conftest.cpp
configure:2771: $? = 0
configure:2785: g++ -std=gnu++11 -E   -I/usr/include/gdal conftest.cpp
conftest.cpp:9:10: fatal error: ac_nonexistent.h: No such file or directory
    9 | #include <ac_nonexistent.h>
      |          ^~~~~~~~~~~~~~~~~~
compilation terminated.
configure:2785: $? = 1
configure: failed program was:
| /* confdefs.h */
| #define PACKAGE_NAME "gdalcubes"
| #define PACKAGE_TARNAME "gdalcubes"
| #define PACKAGE_VERSION "0.3.1"
| #define PACKAGE_STRING "gdalcubes 0.3.1"
| #define PACKAGE_BUGREPORT "marius.appel@uni-muenster.de"
| #define PACKAGE_URL ""
| /* end confdefs.h.  */
| #include <ac_nonexistent.h>
configure:2810: result: g++ -std=gnu++11 -E
configure:2830: g++ -std=gnu++11 -E   -I/usr/include/gdal conftest.cpp
configure:2830: $? = 0
configure:2844: g++ -std=gnu++11 -E   -I/usr/include/gdal conftest.cpp
conftest.cpp:9:10: fatal error: ac_nonexistent.h: No such file or directory
    9 | #include <ac_nonexistent.h>
      |          ^~~~~~~~~~~~~~~~~~
compilation terminated.
configure:2844: $? = 1
configure: failed program was:
| /* confdefs.h */
| #define PACKAGE_NAME "gdalcubes"
| #define PACKAGE_TARNAME "gdalcubes"
| #define PACKAGE_VERSION "0.3.1"
| #define PACKAGE_STRING "gdalcubes 0.3.1"
| #define PACKAGE_BUGREPORT "marius.appel@uni-muenster.de"
| #define PACKAGE_URL ""
| /* end confdefs.h.  */
| #include <ac_nonexistent.h>
configure:2873: checking for grep that handles long lines and -e
configure:2931: result: /usr/bin/grep
configure:2936: checking for egrep
configure:2998: result: /usr/bin/grep -E
configure:3003: checking for ANSI C header files
configure:3023: g++ -std=gnu++11 -c -g -O2   -I/usr/include/gdal conftest.cpp >&5
configure:3023: $? = 0
configure:3096: g++ -std=gnu++11 -o conftest -g -O2   -I/usr/include/gdal  conftest.cpp  >&5
configure:3096: $? = 0
configure:3096: ./conftest
configure:3096: $? = 0
configure:3107: result: yes
configure:3120: checking for sys/types.h
configure:3120: g++ -std=gnu++11 -c -g -O2   -I/usr/include/gdal conftest.cpp >&5
configure:3120: $? = 0
configure:3120: result: yes
configure:3120: checking for sys/stat.h
configure:3120: g++ -std=gnu++11 -c -g -O2   -I/usr/include/gdal conftest.cpp >&5
configure:3120: $? = 0
configure:3120: result: yes
configure:3120: checking for stdlib.h
configure:3120: g++ -std=gnu++11 -c -g -O2   -I/usr/include/gdal conftest.cpp >&5
configure:3120: $? = 0
configure:3120: result: yes
configure:3120: checking for string.h
configure:3120: g++ -std=gnu++11 -c -g -O2   -I/usr/include/gdal conftest.cpp >&5
configure:3120: $? = 0
configure:3120: result: yes
configure:3120: checking for memory.h
configure:3120: g++ -std=gnu++11 -c -g -O2   -I/usr/include/gdal conftest.cpp >&5
configure:3120: $? = 0
configure:3120: result: yes
configure:3120: checking for strings.h
configure:3120: g++ -std=gnu++11 -c -g -O2   -I/usr/include/gdal conftest.cpp >&5
configure:3120: $? = 0
configure:3120: result: yes
configure:3120: checking for inttypes.h
configure:3120: g++ -std=gnu++11 -c -g -O2   -I/usr/include/gdal conftest.cpp >&5
configure:3120: $? = 0
configure:3120: result: yes
configure:3120: checking for stdint.h
configure:3120: g++ -std=gnu++11 -c -g -O2   -I/usr/include/gdal conftest.cpp >&5
configure:3120: $? = 0
configure:3120: result: yes
configure:3120: checking for unistd.h
configure:3120: g++ -std=gnu++11 -c -g -O2   -I/usr/include/gdal conftest.cpp >&5
configure:3120: $? = 0
configure:3120: result: yes
configure:3134: checking gdal.h usability
configure:3134: g++ -std=gnu++11 -c -g -O2   -I/usr/include/gdal conftest.cpp >&5
In file included from /usr/include/gdal/cpl_port.h:66,
                 from /usr/include/gdal/gdal.h:45,
                 from conftest.cpp:52:
/usr/include/gdal/cpl_config.h:284: warning: "PACKAGE_BUGREPORT" redefined
  284 | #define PACKAGE_BUGREPORT ""
      | 
conftest.cpp:6: note: this is the location of the previous definition
    6 | #define PACKAGE_BUGREPORT "marius.appel@uni-muenster.de"
      | 
In file included from /usr/include/gdal/cpl_port.h:66,
                 from /usr/include/gdal/gdal.h:45,
                 from conftest.cpp:52:
/usr/include/gdal/cpl_config.h:287: warning: "PACKAGE_NAME" redefined
  287 | #define PACKAGE_NAME ""
      | 
conftest.cpp:2: note: this is the location of the previous definition
    2 | #define PACKAGE_NAME "gdalcubes"
      | 
In file included from /usr/include/gdal/cpl_port.h:66,
                 from /usr/include/gdal/gdal.h:45,
                 from conftest.cpp:52:
/usr/include/gdal/cpl_config.h:290: warning: "PACKAGE_STRING" redefined
  290 | #define PACKAGE_STRING ""
      | 
conftest.cpp:5: note: this is the location of the previous definition
    5 | #define PACKAGE_STRING "gdalcubes 0.3.1"
      | 
In file included from /usr/include/gdal/cpl_port.h:66,
                 from /usr/include/gdal/gdal.h:45,
                 from conftest.cpp:52:
/usr/include/gdal/cpl_config.h:293: warning: "PACKAGE_TARNAME" redefined
  293 | #define PACKAGE_TARNAME ""
      | 
conftest.cpp:3: note: this is the location of the previous definition
    3 | #define PACKAGE_TARNAME "gdalcubes"
      | 
In file included from /usr/include/gdal/cpl_port.h:66,
                 from /usr/include/gdal/gdal.h:45,
                 from conftest.cpp:52:
/usr/include/gdal/cpl_config.h:299: warning: "PACKAGE_VERSION" redefined
  299 | #define PACKAGE_VERSION ""
      | 
conftest.cpp:4: note: this is the location of the previous definition
    4 | #define PACKAGE_VERSION "0.3.1"
      | 
configure:3134: $? = 0
configure:3134: result: yes
configure:3134: checking gdal.h presence
configure:3134: g++ -std=gnu++11 -E   -I/usr/include/gdal conftest.cpp
In file included from /usr/include/gdal/cpl_port.h:66,
                 from /usr/include/gdal/gdal.h:45,
                 from conftest.cpp:19:
/usr/include/gdal/cpl_config.h:284: warning: "PACKAGE_BUGREPORT" redefined
  284 | #define PACKAGE_BUGREPORT ""
      | 
conftest.cpp:6: note: this is the location of the previous definition
    6 | #define PACKAGE_BUGREPORT "marius.appel@uni-muenster.de"
      | 
In file included from /usr/include/gdal/cpl_port.h:66,
                 from /usr/include/gdal/gdal.h:45,
                 from conftest.cpp:19:
/usr/include/gdal/cpl_config.h:287: warning: "PACKAGE_NAME" redefined
  287 | #define PACKAGE_NAME ""
      | 
conftest.cpp:2: note: this is the location of the previous definition
    2 | #define PACKAGE_NAME "gdalcubes"
      | 
In file included from /usr/include/gdal/cpl_port.h:66,
                 from /usr/include/gdal/gdal.h:45,
                 from conftest.cpp:19:
/usr/include/gdal/cpl_config.h:290: warning: "PACKAGE_STRING" redefined
  290 | #define PACKAGE_STRING ""
      | 
conftest.cpp:5: note: this is the location of the previous definition
    5 | #define PACKAGE_STRING "gdalcubes 0.3.1"
      | 
In file included from /usr/include/gdal/cpl_port.h:66,
                 from /usr/include/gdal/gdal.h:45,
                 from conftest.cpp:19:
/usr/include/gdal/cpl_config.h:293: warning: "PACKAGE_TARNAME" redefined
  293 | #define PACKAGE_TARNAME ""
      | 
conftest.cpp:3: note: this is the location of the previous definition
    3 | #define PACKAGE_TARNAME "gdalcubes"
      | 
In file included from /usr/include/gdal/cpl_port.h:66,
                 from /usr/include/gdal/gdal.h:45,
                 from conftest.cpp:19:
/usr/include/gdal/cpl_config.h:299: warning: "PACKAGE_VERSION" redefined
  299 | #define PACKAGE_VERSION ""
      | 
conftest.cpp:4: note: this is the location of the previous definition
    4 | #define PACKAGE_VERSION "0.3.1"
      | 
configure:3134: $? = 0
configure:3134: result: yes
configure:3134: checking for gdal.h
configure:3134: result: yes
configure:3165: checking GDAL: linking with --libs only
configure:3173: result: yes
configure:3219: checking GDAL: /usr/share/gdal/pcs.csv readable
configure:3225: result: no
configure:3296: checking GDAL: checking whether PROJ is available for linking:
configure:3305: result: yes
configure:3316: checking GDAL: checking whether PROJ is available fur running:
configure:3325: result: yes
configure:3332: GDAL: 3.1.3
configure:3347: pkg-config proj exists, will use it
configure:3394: using proj.h.
configure:3463: PROJ: 7.1.1
configure:3544: checking PROJ: checking whether PROJ and sqlite3 are available for linking:
configure:3553: result: yes
configure:3780: checking for nc-config
configure:3796: found /usr/bin/nc-config
configure:3808: result: yes
configure:3920: Package CPP flags:   -DHAVE_PROJ_H -I/usr/include/gdal -I/usr/include -I/usr/include/hdf5/serial -DR_PACKAGE
configure:3922: Package LIBS:  -L/usr/lib -lgdal -lproj     -Wl,-rpath,/usr/lib/x86_64-linux-gnu -Wl,-rpath,/usr/lib/x86_64-linux-gnu/hdf5/serial -L/usr/lib/x86_64-linux-gnu -L/usr/lib/x86_64-linux-gnu/hdf5/serial -lnetcdf 
configure:4070: creating ./config.status

## ---------------------- ##
## Running config.status. ##
## ---------------------- ##

This file was extended by gdalcubes config.status 0.3.1, which was
generated by GNU Autoconf 2.69.  Invocation command line was

  CONFIG_FILES    = 
  CONFIG_HEADERS  = 
  CONFIG_LINKS    = 
  CONFIG_COMMANDS = 
  $ ./config.status 

on ml-experiments

config.status:736: creating src/Makevars

## ---------------- ##
## Cache variables. ##
## ---------------- ##

ac_cv_cxx_compiler_gnu=yes
ac_cv_env_CCC_set=
ac_cv_env_CCC_value=
ac_cv_env_CPPFLAGS_set=
ac_cv_env_CPPFLAGS_value=
ac_cv_env_CXXCPP_set=
ac_cv_env_CXXCPP_value=
ac_cv_env_CXXFLAGS_set=
ac_cv_env_CXXFLAGS_value=
ac_cv_env_CXX_set=
ac_cv_env_CXX_value=
ac_cv_env_LDFLAGS_set=
ac_cv_env_LDFLAGS_value=
ac_cv_env_LIBS_set=
ac_cv_env_LIBS_value=
ac_cv_env_build_alias_set=
ac_cv_env_build_alias_value=
ac_cv_env_host_alias_set=
ac_cv_env_host_alias_value=
ac_cv_env_target_alias_set=
ac_cv_env_target_alias_value=
ac_cv_header_gdal_h=yes
ac_cv_header_inttypes_h=yes
ac_cv_header_memory_h=yes
ac_cv_header_stdc=yes
ac_cv_header_stdint_h=yes
ac_cv_header_stdlib_h=yes
ac_cv_header_string_h=yes
ac_cv_header_strings_h=yes
ac_cv_header_sys_stat_h=yes
ac_cv_header_sys_types_h=yes
ac_cv_header_unistd_h=yes
ac_cv_objext=o
ac_cv_path_EGREP='/usr/bin/grep -E'
ac_cv_path_GDAL_CONFIG=/usr/bin/gdal-config
ac_cv_path_GREP=/usr/bin/grep
ac_cv_prog_CXXCPP='g++ -std=gnu++11 -E'
ac_cv_prog_HAS_NC_CONFIG=yes
ac_cv_prog_cxx_g=yes

## ----------------- ##
## Output variables. ##
## ----------------- ##

CPPFLAGS='  -I/usr/include/gdal  -DHAVE_PROJ_H'
CXX='g++ -std=gnu++11'
CXXCPP='g++ -std=gnu++11 -E'
CXXFLAGS='-g -O2'
DEFS='-DPACKAGE_NAME=\"gdalcubes\" -DPACKAGE_TARNAME=\"gdalcubes\" -DPACKAGE_VERSION=\"0.3.1\" -DPACKAGE_STRING=\"gdalcubes\ 0.3.1\" -DPACKAGE_BUGREPORT=\"marius.appel@uni-muenster.de\" -DPACKAGE_URL=\"\" -DSTDC_HEADERS=1 -DHAVE_SYS_TYPES_H=1 -DHAVE_SYS_STAT_H=1 -DHAVE_STDLIB_H=1 -DHAVE_STRING_H=1 -DHAVE_MEMORY_H=1 -DHAVE_STRINGS_H=1 -DHAVE_INTTYPES_H=1 -DHAVE_STDINT_H=1 -DHAVE_UNISTD_H=1 -DHAVE_GDAL_H=1 -DHAVE_NETCDF=1 -DHAVE_NETCDF4=1'
ECHO_C=''
ECHO_N='-n'
ECHO_T=''
EGREP='/usr/bin/grep -E'
EXEEXT=''
GDAL_CONFIG='/usr/bin/gdal-config'
GREP='/usr/bin/grep'
HAS_NC_CONFIG='yes'
HAVE_NETCDF='TRUE'
LDFLAGS=''
LIBOBJS=''
LIBS='-lproj    -L/usr/lib -lgdal'
LTLIBOBJS=''
NETCDF_CC='/usr/bin/cc'
NETCDF_CPPFLAGS='-I/usr/include -I/usr/include/hdf5/serial'
NETCDF_LDFLAGS='  -Wl,-rpath,/usr/lib/x86_64-linux-gnu -Wl,-rpath,/usr/lib/x86_64-linux-gnu/hdf5/serial -L/usr/lib/x86_64-linux-gnu -L/usr/lib/x86_64-linux-gnu/hdf5/serial -lnetcdf '
NETCDF_LIBS=''
NETCDF_RPATH='  -Wl,-rpath,/usr/lib/x86_64-linux-gnu -Wl,-rpath,/usr/lib/x86_64-linux-gnu/hdf5/serial'
NETCDF_VERSION='netCDF 4.7.3'
OBJEXT='o'
PACKAGE_BUGREPORT='marius.appel@uni-muenster.de'
PACKAGE_NAME='gdalcubes'
PACKAGE_STRING='gdalcubes 0.3.1'
PACKAGE_TARNAME='gdalcubes'
PACKAGE_URL=''
PACKAGE_VERSION='0.3.1'
PATH_SEPARATOR=':'
PKG_CPPFLAGS='  -DHAVE_PROJ_H -I/usr/include/gdal -I/usr/include -I/usr/include/hdf5/serial -DR_PACKAGE'
PKG_LIBS=' -L/usr/lib -lgdal -lproj     -Wl,-rpath,/usr/lib/x86_64-linux-gnu -Wl,-rpath,/usr/lib/x86_64-linux-gnu/hdf5/serial -L/usr/lib/x86_64-linux-gnu -L/usr/lib/x86_64-linux-gnu/hdf5/serial -lnetcdf '
PROJ_CPPFLAGS=' -DHAVE_PROJ_H'
PROJ_LIBS='-lproj '
R_HOME='/usr/lib/R'
SHELL='/bin/bash'
ac_ct_CXX=''
bindir='${exec_prefix}/bin'
build_alias=''
datadir='${datarootdir}'
datarootdir='${prefix}/share'
docdir='${datarootdir}/doc/${PACKAGE_TARNAME}'
dvidir='${docdir}'
exec_prefix='${prefix}'
host_alias=''
htmldir='${docdir}'
includedir='${prefix}/include'
infodir='${datarootdir}/info'
libdir='${exec_prefix}/lib'
libexecdir='${exec_prefix}/libexec'
localedir='${datarootdir}/locale'
localstatedir='${prefix}/var'
mandir='${datarootdir}/man'
oldincludedir='/usr/include'
pdfdir='${docdir}'
prefix='/usr/local'
program_transform_name='s,x,x,'
psdir='${docdir}'
runstatedir='${localstatedir}/run'
sbindir='${exec_prefix}/sbin'
sharedstatedir='${prefix}/com'
sysconfdir='${prefix}/etc'
target_alias=''

## ----------- ##
## confdefs.h. ##
## ----------- ##

/* confdefs.h */
#define PACKAGE_NAME "gdalcubes"
#define PACKAGE_TARNAME "gdalcubes"
#define PACKAGE_VERSION "0.3.1"
#define PACKAGE_STRING "gdalcubes 0.3.1"
#define PACKAGE_BUGREPORT "marius.appel@uni-muenster.de"
#define PACKAGE_URL ""
#define STDC_HEADERS 1
#define HAVE_SYS_TYPES_H 1
#define HAVE_SYS_STAT_H 1
#define HAVE_STDLIB_H 1
#define HAVE_STRING_H 1
#define HAVE_MEMORY_H 1
#define HAVE_STRINGS_H 1
#define HAVE_INTTYPES_H 1
#define HAVE_STDINT_H 1
#define HAVE_UNISTD_H 1
#define HAVE_GDAL_H 1
#define HAVE_NETCDF 1
#define HAVE_NETCDF4 1

configure: exit 0
