This file contains any messages produced by compilers while
running configure, to aid debugging if configure makes a mistake.

It was created by RPEGLMEN configure 1.0.0, which was
generated by GNU Autoconf 2.69.  Invocation command line was

  $ ./configure 

## --------- ##
## Platform. ##
## --------- ##

hostname = ml-experiments
uname -m = x86_64
uname -r = 5.4.0-52-generic
uname -s = Linux
uname -v = #57-Ubuntu SMP Thu Oct 15 10:57:00 UTC 2020

/usr/bin/uname -p = x86_64
/bin/uname -X     = unknown

/bin/arch              = x86_64
/usr/bin/arch -k       = unknown
/usr/convex/getsysinfo = unknown
/usr/bin/hostinfo      = unknown
/bin/machine           = unknown
/usr/bin/oslevel       = unknown
/bin/universe          = unknown

PATH: /home/akhila/anaconda3/bin
PATH: /usr/local/sbin
PATH: /usr/local/bin
PATH: /usr/sbin
PATH: /usr/bin
PATH: /sbin
PATH: /bin
PATH: /usr/games
PATH: /usr/local/games
PATH: /snap/bin
PATH: /home/akhila/.dotnet/tools


## ----------- ##
## Core tests. ##
## ----------- ##

configure:2198: checking for C++ compiler version
configure:2207: g++ -std=gnu++11 --version >&5
g++ (Ubuntu 9.3.0-17ubuntu1~20.04) 9.3.0
Copyright (C) 2019 Free Software Foundation, Inc.
This is free software; see the source for copying conditions.  There is NO
warranty; not even for MERCHANTABILITY or FITNESS FOR A PARTICULAR PURPOSE.

configure:2218: $? = 0
configure:2207: g++ -std=gnu++11 -v >&5
Using built-in specs.
COLLECT_GCC=g++
COLLECT_LTO_WRAPPER=/usr/lib/gcc/x86_64-linux-gnu/9/lto-wrapper
OFFLOAD_TARGET_NAMES=nvptx-none:hsa
OFFLOAD_TARGET_DEFAULT=1
Target: x86_64-linux-gnu
Configured with: ../src/configure -v --with-pkgversion='Ubuntu 9.3.0-17ubuntu1~20.04' --with-bugurl=file:///usr/share/doc/gcc-9/README.Bugs --enable-languages=c,ada,c++,go,brig,d,fortran,objc,obj-c++,gm2 --prefix=/usr --with-gcc-major-version-only --program-suffix=-9 --program-prefix=x86_64-linux-gnu- --enable-shared --enable-linker-build-id --libexecdir=/usr/lib --without-included-gettext --enable-threads=posix --libdir=/usr/lib --enable-nls --enable-clocale=gnu --enable-libstdcxx-debug --enable-libstdcxx-time=yes --with-default-libstdcxx-abi=new --enable-gnu-unique-object --disable-vtable-verify --enable-plugin --enable-default-pie --with-system-zlib --with-target-system-zlib=auto --enable-objc-gc=auto --enable-multiarch --disable-werror --with-arch-32=i686 --with-abi=m64 --with-multilib-list=m32,m64,mx32 --enable-multilib --with-tune=generic --enable-offload-targets=nvptx-none=/build/gcc-9-HskZEa/gcc-9-9.3.0/debian/tmp-nvptx/usr,hsa --without-cuda-driver --enable-checking=release --build=x86_64-linux-gnu --host=x86_64-linux-gnu --target=x86_64-linux-gnu
Thread model: posix
gcc version 9.3.0 (Ubuntu 9.3.0-17ubuntu1~20.04) 
configure:2218: $? = 0
configure:2207: g++ -std=gnu++11 -V >&5
g++: error: unrecognized command line option '-V'
g++: fatal error: no input files
compilation terminated.
configure:2218: $? = 1
configure:2207: g++ -std=gnu++11 -qversion >&5
g++: error: unrecognized command line option '-qversion'; did you mean '--version'?
g++: fatal error: no input files
compilation terminated.
configure:2218: $? = 1
configure:2238: checking whether the C++ compiler works
configure:2260: g++ -std=gnu++11 -g -O2 -fdebug-prefix-map=/build/r-base-8T8CYO/r-base-4.0.3=. -fstack-protector-strong -Wformat -Werror=format-security -Wdate-time -D_FORTIFY_SOURCE=2 -g   conftest.cpp  >&5
configure:2264: $? = 0
configure:2312: result: yes
configure:2315: checking for C++ compiler default output file name
configure:2317: result: a.out
configure:2323: checking for suffix of executables
configure:2330: g++ -std=gnu++11 -o conftest -g -O2 -fdebug-prefix-map=/build/r-base-8T8CYO/r-base-4.0.3=. -fstack-protector-strong -Wformat -Werror=format-security -Wdate-time -D_FORTIFY_SOURCE=2 -g   conftest.cpp  >&5
configure:2334: $? = 0
configure:2356: result: 
configure:2378: checking whether we are cross compiling
configure:2386: g++ -std=gnu++11 -o conftest -g -O2 -fdebug-prefix-map=/build/r-base-8T8CYO/r-base-4.0.3=. -fstack-protector-strong -Wformat -Werror=format-security -Wdate-time -D_FORTIFY_SOURCE=2 -g   conftest.cpp  >&5
configure:2390: $? = 0
configure:2397: ./conftest
configure:2401: $? = 0
configure:2389: result: no
configure:2394: checking for suffix of object files
configure:2416: g++ -std=gnu++11 -c -g -O2 -fdebug-prefix-map=/build/r-base-8T8CYO/r-base-4.0.3=. -fstack-protector-strong -Wformat -Werror=format-security -Wdate-time -D_FORTIFY_SOURCE=2 -g  conftest.cpp >&5
configure:2420: $? = 0
configure:2441: result: o
configure:2445: checking whether we are using the GNU C++ compiler
configure:2464: g++ -std=gnu++11 -c -g -O2 -fdebug-prefix-map=/build/r-base-8T8CYO/r-base-4.0.3=. -fstack-protector-strong -Wformat -Werror=format-security -Wdate-time -D_FORTIFY_SOURCE=2 -g  conftest.cpp >&5
configure:2464: $? = 0
configure:2473: result: yes
configure:2482: checking whether g++ -std=gnu++11 accepts -g
configure:2502: g++ -std=gnu++11 -c -g  conftest.cpp >&5
configure:2502: $? = 0
configure:2543: result: yes
configure:2580: checking how to run the C++ preprocessor
configure:2607: g++ -std=gnu++11 -E  conftest.cpp
configure:2607: $? = 0
configure:2621: g++ -std=gnu++11 -E  conftest.cpp
conftest.cpp:9:10: fatal error: ac_nonexistent.h: No such file or directory
    9 | #include <ac_nonexistent.h>
      |          ^~~~~~~~~~~~~~~~~~
compilation terminated.
configure:2621: $? = 1
configure: failed program was:
| /* confdefs.h */
| #define PACKAGE_NAME "RPEGLMEN"
| #define PACKAGE_TARNAME "rpeglmen"
| #define PACKAGE_VERSION "1.0.0"
| #define PACKAGE_STRING "RPEGLMEN 1.0.0"
| #define PACKAGE_BUGREPORT ""
| #define PACKAGE_URL ""
| /* end confdefs.h.  */
| #include <ac_nonexistent.h>
configure:2646: result: g++ -std=gnu++11 -E
configure:2666: g++ -std=gnu++11 -E  conftest.cpp
configure:2666: $? = 0
configure:2680: g++ -std=gnu++11 -E  conftest.cpp
conftest.cpp:9:10: fatal error: ac_nonexistent.h: No such file or directory
    9 | #include <ac_nonexistent.h>
      |          ^~~~~~~~~~~~~~~~~~
compilation terminated.
configure:2680: $? = 1
configure: failed program was:
| /* confdefs.h */
| #define PACKAGE_NAME "RPEGLMEN"
| #define PACKAGE_TARNAME "rpeglmen"
| #define PACKAGE_VERSION "1.0.0"
| #define PACKAGE_STRING "RPEGLMEN 1.0.0"
| #define PACKAGE_BUGREPORT ""
| #define PACKAGE_URL ""
| /* end confdefs.h.  */
| #include <ac_nonexistent.h>
configure:2709: checking for grep that handles long lines and -e
configure:2767: result: /usr/bin/grep
configure:2772: checking for egrep
configure:2834: result: /usr/bin/grep -E
configure:2839: checking for ANSI C header files
configure:2859: g++ -std=gnu++11 -c -g -O2 -fdebug-prefix-map=/build/r-base-8T8CYO/r-base-4.0.3=. -fstack-protector-strong -Wformat -Werror=format-security -Wdate-time -D_FORTIFY_SOURCE=2 -g  conftest.cpp >&5
configure:2859: $? = 0
configure:2932: g++ -std=gnu++11 -o conftest -g -O2 -fdebug-prefix-map=/build/r-base-8T8CYO/r-base-4.0.3=. -fstack-protector-strong -Wformat -Werror=format-security -Wdate-time -D_FORTIFY_SOURCE=2 -g   conftest.cpp  >&5
configure:2932: $? = 0
configure:2932: ./conftest
configure:2932: $? = 0
configure:2943: result: yes
configure:2956: checking for sys/types.h
configure:2956: g++ -std=gnu++11 -c -g -O2 -fdebug-prefix-map=/build/r-base-8T8CYO/r-base-4.0.3=. -fstack-protector-strong -Wformat -Werror=format-security -Wdate-time -D_FORTIFY_SOURCE=2 -g  conftest.cpp >&5
configure:2956: $? = 0
configure:2956: result: yes
configure:2956: checking for sys/stat.h
configure:2956: g++ -std=gnu++11 -c -g -O2 -fdebug-prefix-map=/build/r-base-8T8CYO/r-base-4.0.3=. -fstack-protector-strong -Wformat -Werror=format-security -Wdate-time -D_FORTIFY_SOURCE=2 -g  conftest.cpp >&5
configure:2956: $? = 0
configure:2956: result: yes
configure:2956: checking for stdlib.h
configure:2956: g++ -std=gnu++11 -c -g -O2 -fdebug-prefix-map=/build/r-base-8T8CYO/r-base-4.0.3=. -fstack-protector-strong -Wformat -Werror=format-security -Wdate-time -D_FORTIFY_SOURCE=2 -g  conftest.cpp >&5
configure:2956: $? = 0
configure:2956: result: yes
configure:2956: checking for string.h
configure:2956: g++ -std=gnu++11 -c -g -O2 -fdebug-prefix-map=/build/r-base-8T8CYO/r-base-4.0.3=. -fstack-protector-strong -Wformat -Werror=format-security -Wdate-time -D_FORTIFY_SOURCE=2 -g  conftest.cpp >&5
configure:2956: $? = 0
configure:2956: result: yes
configure:2956: checking for memory.h
configure:2956: g++ -std=gnu++11 -c -g -O2 -fdebug-prefix-map=/build/r-base-8T8CYO/r-base-4.0.3=. -fstack-protector-strong -Wformat -Werror=format-security -Wdate-time -D_FORTIFY_SOURCE=2 -g  conftest.cpp >&5
configure:2956: $? = 0
configure:2956: result: yes
configure:2956: checking for strings.h
configure:2956: g++ -std=gnu++11 -c -g -O2 -fdebug-prefix-map=/build/r-base-8T8CYO/r-base-4.0.3=. -fstack-protector-strong -Wformat -Werror=format-security -Wdate-time -D_FORTIFY_SOURCE=2 -g  conftest.cpp >&5
configure:2956: $? = 0
configure:2956: result: yes
configure:2956: checking for inttypes.h
configure:2956: g++ -std=gnu++11 -c -g -O2 -fdebug-prefix-map=/build/r-base-8T8CYO/r-base-4.0.3=. -fstack-protector-strong -Wformat -Werror=format-security -Wdate-time -D_FORTIFY_SOURCE=2 -g  conftest.cpp >&5
configure:2956: $? = 0
configure:2956: result: yes
configure:2956: checking for stdint.h
configure:2956: g++ -std=gnu++11 -c -g -O2 -fdebug-prefix-map=/build/r-base-8T8CYO/r-base-4.0.3=. -fstack-protector-strong -Wformat -Werror=format-security -Wdate-time -D_FORTIFY_SOURCE=2 -g  conftest.cpp >&5
configure:2956: $? = 0
configure:2956: result: yes
configure:2956: checking for unistd.h
configure:2956: g++ -std=gnu++11 -c -g -O2 -fdebug-prefix-map=/build/r-base-8T8CYO/r-base-4.0.3=. -fstack-protector-strong -Wformat -Werror=format-security -Wdate-time -D_FORTIFY_SOURCE=2 -g  conftest.cpp >&5
configure:2956: $? = 0
configure:2956: result: yes
configure:2971: checking for stdint.h
configure:2971: result: yes
configure:2971: checking for inttypes.h
configure:2971: result: yes
configure:2971: checking limits.h usability
configure:2971: g++ -std=gnu++11 -c -g -O2 -fdebug-prefix-map=/build/r-base-8T8CYO/r-base-4.0.3=. -fstack-protector-strong -Wformat -Werror=format-security -Wdate-time -D_FORTIFY_SOURCE=2 -g  conftest.cpp >&5
configure:2971: $? = 0
configure:2971: result: yes
configure:2971: checking limits.h presence
configure:2971: g++ -std=gnu++11 -E  conftest.cpp
configure:2971: $? = 0
configure:2971: result: yes
configure:2971: checking for limits.h
configure:2971: result: yes
configure:2971: checking climits usability
configure:2971: g++ -std=gnu++11 -c -g -O2 -fdebug-prefix-map=/build/r-base-8T8CYO/r-base-4.0.3=. -fstack-protector-strong -Wformat -Werror=format-security -Wdate-time -D_FORTIFY_SOURCE=2 -g  conftest.cpp >&5
configure:2971: $? = 0
configure:2971: result: yes
configure:2971: checking climits presence
configure:2971: g++ -std=gnu++11 -E  conftest.cpp
configure:2971: $? = 0
configure:2971: result: yes
configure:2971: checking for climits
configure:2971: result: yes
configure:2989: g++ -std=gnu++11 -c -g -O2 -fdebug-prefix-map=/build/r-base-8T8CYO/r-base-4.0.3=. -fstack-protector-strong -Wformat -Werror=format-security -Wdate-time -D_FORTIFY_SOURCE=2 -g  conftest.cpp >&5
configure:2989: $? = 0
configure:2991: result: Type unsigned long long is supported
configure:3020: g++ -std=gnu++11 -c -g -O2 -fdebug-prefix-map=/build/r-base-8T8CYO/r-base-4.0.3=. -fstack-protector-strong -Wformat -Werror=format-security -Wdate-time -D_FORTIFY_SOURCE=2 -g  conftest.cpp >&5
configure:3020: $? = 0
configure:3022: result: uint16_t and unit8_t are available in stdint.h
configure:3051: g++ -std=gnu++11 -c -g -O2 -fdebug-prefix-map=/build/r-base-8T8CYO/r-base-4.0.3=. -fstack-protector-strong -Wformat -Werror=format-security -Wdate-time -D_FORTIFY_SOURCE=2 -g  conftest.cpp >&5
configure:3051: $? = 0
configure:3053: result: uint16_t and unit8_t are available in inttypes.h
configure:3079: g++ -std=gnu++11 -c -g -O2 -fdebug-prefix-map=/build/r-base-8T8CYO/r-base-4.0.3=. -fstack-protector-strong -Wformat -Werror=format-security -Wdate-time -D_FORTIFY_SOURCE=2 -g  conftest.cpp >&5
configure:3079: $? = 0
configure:3081: result: Found builtin CTZ method (for unsigned long)
configure:3100: g++ -std=gnu++11 -c -g -O2 -fdebug-prefix-map=/build/r-base-8T8CYO/r-base-4.0.3=. -fstack-protector-strong -Wformat -Werror=format-security -Wdate-time -D_FORTIFY_SOURCE=2 -g  conftest.cpp >&5
configure:3100: $? = 0
configure:3102: result: Found builtin CTZ method (for unsigned long long)
configure:3117: checking for ffsl
configure:3117: g++ -std=gnu++11 -o conftest -g -O2 -fdebug-prefix-map=/build/r-base-8T8CYO/r-base-4.0.3=. -fstack-protector-strong -Wformat -Werror=format-security -Wdate-time -D_FORTIFY_SOURCE=2 -g   conftest.cpp  >&5
conftest.cpp:51:6: warning: declaration of 'char ffsl()' conflicts with built-in declaration 'int ffsl(long int)' [-Wbuiltin-declaration-mismatch]
   51 | char ffsl ();
      |      ^~~~
configure:3117: $? = 0
configure:3117: result: yes
configure:3128: checking for ffsll
configure:3128: g++ -std=gnu++11 -o conftest -g -O2 -fdebug-prefix-map=/build/r-base-8T8CYO/r-base-4.0.3=. -fstack-protector-strong -Wformat -Werror=format-security -Wdate-time -D_FORTIFY_SOURCE=2 -g   conftest.cpp  >&5
conftest.cpp:52:6: warning: declaration of 'char ffsll()' conflicts with built-in declaration 'int ffsll(long long int)' [-Wbuiltin-declaration-mismatch]
   52 | char ffsll ();
      |      ^~~~~
configure:3128: $? = 0
configure:3128: result: yes
configure:3145: g++ -std=gnu++11 -c -g -O2 -fdebug-prefix-map=/build/r-base-8T8CYO/r-base-4.0.3=. -fstack-protector-strong -Wformat -Werror=format-security -Wdate-time -D_FORTIFY_SOURCE=2 -g  conftest.cpp >&5
configure:3145: $? = 0
configure:3147: result: Found builtin popcount method (for unsigned long)
configure:3166: g++ -std=gnu++11 -c -g -O2 -fdebug-prefix-map=/build/r-base-8T8CYO/r-base-4.0.3=. -fstack-protector-strong -Wformat -Werror=format-security -Wdate-time -D_FORTIFY_SOURCE=2 -g  conftest.cpp >&5
configure:3166: $? = 0
configure:3168: result: Found builtin popcount method (for unsigned long long)
configure:3186: checking pthread.h usability
configure:3186: g++ -std=gnu++11 -c -g -O2 -fdebug-prefix-map=/build/r-base-8T8CYO/r-base-4.0.3=. -fstack-protector-strong -Wformat -Werror=format-security -Wdate-time -D_FORTIFY_SOURCE=2 -g  conftest.cpp >&5
configure:3186: $? = 0
configure:3186: result: yes
configure:3186: checking pthread.h presence
configure:3186: g++ -std=gnu++11 -E  conftest.cpp
configure:3186: $? = 0
configure:3186: result: yes
configure:3186: checking for pthread.h
configure:3186: result: yes
configure:3311: creating ./config.status

## ---------------------- ##
## Running config.status. ##
## ---------------------- ##

This file was extended by RPEGLMEN config.status 1.0.0, which was
generated by GNU Autoconf 2.69.  Invocation command line was

  CONFIG_FILES    = 
  CONFIG_HEADERS  = 
  CONFIG_LINKS    = 
  CONFIG_COMMANDS = 
  $ ./config.status 

on ml-experiments

config.status:809: creating src/Makevars
config.status:809: creating src/autoconfig.h

## ---------------- ##
## Cache variables. ##
## ---------------- ##

ac_cv_cxx_compiler_gnu=yes
ac_cv_env_CCC_set=
ac_cv_env_CCC_value=
ac_cv_env_CPPFLAGS_set=
ac_cv_env_CPPFLAGS_value=
ac_cv_env_CXXCPP_set=
ac_cv_env_CXXCPP_value=
ac_cv_env_CXXFLAGS_set=
ac_cv_env_CXXFLAGS_value=
ac_cv_env_CXX_set=
ac_cv_env_CXX_value=
ac_cv_env_LDFLAGS_set=
ac_cv_env_LDFLAGS_value=
ac_cv_env_LIBS_set=
ac_cv_env_LIBS_value=
ac_cv_env_build_alias_set=
ac_cv_env_build_alias_value=
ac_cv_env_host_alias_set=
ac_cv_env_host_alias_value=
ac_cv_env_target_alias_set=
ac_cv_env_target_alias_value=
ac_cv_func_ffsl=yes
ac_cv_func_ffsll=yes
ac_cv_header_climits=yes
ac_cv_header_inttypes_h=yes
ac_cv_header_limits_h=yes
ac_cv_header_memory_h=yes
ac_cv_header_pthread_h=yes
ac_cv_header_stdc=yes
ac_cv_header_stdint_h=yes
ac_cv_header_stdlib_h=yes
ac_cv_header_string_h=yes
ac_cv_header_strings_h=yes
ac_cv_header_sys_stat_h=yes
ac_cv_header_sys_types_h=yes
ac_cv_header_unistd_h=yes
ac_cv_objext=o
ac_cv_path_EGREP='/usr/bin/grep -E'
ac_cv_path_GREP=/usr/bin/grep
ac_cv_prog_CXXCPP='g++ -std=gnu++11 -E'
ac_cv_prog_cxx_g=yes

## ----------------- ##
## Output variables. ##
## ----------------- ##

CPPFLAGS=''
CXX11FLAGS=''
CXX='g++ -std=gnu++11'
CXXCPP='g++ -std=gnu++11 -E'
CXXFLAGS='-g -O2 -fdebug-prefix-map=/build/r-base-8T8CYO/r-base-4.0.3=. -fstack-protector-strong -Wformat -Werror=format-security -Wdate-time -D_FORTIFY_SOURCE=2 -g'
DEFS='-DHAVE_CONFIG_H'
ECHO_C=''
ECHO_N='-n'
ECHO_T=''
EGREP='/usr/bin/grep -E'
EXEEXT=''
GREP='/usr/bin/grep'
LDFLAGS=''
LIBOBJS=''
LIBS=''
LTLIBOBJS=''
OBJEXT='o'
PACKAGE_BUGREPORT=''
PACKAGE_NAME='RPEGLMEN'
PACKAGE_STRING='RPEGLMEN 1.0.0'
PACKAGE_TARNAME='rpeglmen'
PACKAGE_URL=''
PACKAGE_VERSION='1.0.0'
PATH_SEPARATOR=':'
SHELL='/bin/bash'
ac_ct_CXX=''
bindir='${exec_prefix}/bin'
build_alias=''
datadir='${datarootdir}'
datarootdir='${prefix}/share'
docdir='${datarootdir}/doc/${PACKAGE_TARNAME}'
dvidir='${docdir}'
exec_prefix='${prefix}'
host_alias=''
htmldir='${docdir}'
includedir='${prefix}/include'
infodir='${datarootdir}/info'
libdir='${exec_prefix}/lib'
libexecdir='${exec_prefix}/libexec'
localedir='${datarootdir}/locale'
localstatedir='${prefix}/var'
mandir='${datarootdir}/man'
oldincludedir='/usr/include'
pdfdir='${docdir}'
prefix='/usr/local'
program_transform_name='s,x,x,'
psdir='${docdir}'
sbindir='${exec_prefix}/sbin'
sharedstatedir='${prefix}/com'
sysconfdir='${prefix}/etc'
target_alias=''

## ----------- ##
## confdefs.h. ##
## ----------- ##

/* confdefs.h */
#define PACKAGE_NAME "RPEGLMEN"
#define PACKAGE_TARNAME "rpeglmen"
#define PACKAGE_VERSION "1.0.0"
#define PACKAGE_STRING "RPEGLMEN 1.0.0"
#define PACKAGE_BUGREPORT ""
#define PACKAGE_URL ""
#define STDC_HEADERS 1
#define HAVE_SYS_TYPES_H 1
#define HAVE_SYS_STAT_H 1
#define HAVE_STDLIB_H 1
#define HAVE_STRING_H 1
#define HAVE_MEMORY_H 1
#define HAVE_STRINGS_H 1
#define HAVE_INTTYPES_H 1
#define HAVE_STDINT_H 1
#define HAVE_UNISTD_H 1
#define HAVE_STDINT_H 1
#define HAVE_INTTYPES_H 1
#define HAVE_LIMITS_H 1
#define HAVE_CLIMITS 1
#define HAVE_UNSIGNED_LONG_LONG 1
#define HAVE_UINT8_16_MAX 1
#define HAVE_UINT8_16_MAX 1
#define HAVE_GCC_CTZL 1
#define HAVE_GCC_CTZLL 1
#define HAVE_FFSL 1
#define HAVE_FFSLL 1
#define HAVE_BUILTIN_POPCOUNTL 1
#define HAVE_BUILTIN_POPCOUNTLL 1
#define HAVE_PTHREAD_H 1

configure: exit 0
