This file contains any messages produced by compilers while
running configure, to aid debugging if configure makes a mistake.

It was created by mwaved configure 1.0.0, which was
generated by GNU Autoconf 2.69.  Invocation command line was

  $ ./configure 

## --------- ##
## Platform. ##
## --------- ##

hostname = ml-experiments
uname -m = x86_64
uname -r = 5.4.0-52-generic
uname -s = Linux
uname -v = #57-Ubuntu SMP Thu Oct 15 10:57:00 UTC 2020

/usr/bin/uname -p = x86_64
/bin/uname -X     = unknown

/bin/arch              = x86_64
/usr/bin/arch -k       = unknown
/usr/convex/getsysinfo = unknown
/usr/bin/hostinfo      = unknown
/bin/machine           = unknown
/usr/bin/oslevel       = unknown
/bin/universe          = unknown

PATH: /home/akhila/anaconda3/bin
PATH: /usr/local/sbin
PATH: /usr/local/bin
PATH: /usr/sbin
PATH: /usr/bin
PATH: /sbin
PATH: /bin
PATH: /usr/games
PATH: /usr/local/games
PATH: /snap/bin
PATH: /home/akhila/.dotnet/tools


## ----------- ##
## Core tests. ##
## ----------- ##

configure:2104: checking for Rscript
configure:2120: found /usr/bin/Rscript
configure:2131: result: yes
configure:2153: Checking if FFTW3 library is available using pkg-config
configure:2210: checking for pkg-config
configure:2228: found /usr/bin/pkg-config
configure:2240: result: /usr/bin/pkg-config
configure:2265: checking pkg-config is at least version 0.9.0
configure:2268: result: yes
configure:2278: checking for FFTW
configure:2285: $PKG_CONFIG --exists --print-errors "fftw3"
configure:2288: $? = 0
configure:2302: $PKG_CONFIG --exists --print-errors "fftw3"
configure:2305: $? = 0
configure:2343: result: yes
configure:2350: result: FFTW3 found!
configure:2353: Testing all required C level functions
configure:2404: checking for gcc
configure:2420: found /usr/bin/gcc
configure:2431: result: gcc
configure:2660: checking for C compiler version
configure:2669: gcc --version >&5
gcc (Ubuntu 9.3.0-17ubuntu1~20.04) 9.3.0
Copyright (C) 2019 Free Software Foundation, Inc.
This is free software; see the source for copying conditions.  There is NO
warranty; not even for MERCHANTABILITY or FITNESS FOR A PARTICULAR PURPOSE.

configure:2680: $? = 0
configure:2669: gcc -v >&5
Using built-in specs.
COLLECT_GCC=gcc
COLLECT_LTO_WRAPPER=/usr/lib/gcc/x86_64-linux-gnu/9/lto-wrapper
OFFLOAD_TARGET_NAMES=nvptx-none:hsa
OFFLOAD_TARGET_DEFAULT=1
Target: x86_64-linux-gnu
Configured with: ../src/configure -v --with-pkgversion='Ubuntu 9.3.0-17ubuntu1~20.04' --with-bugurl=file:///usr/share/doc/gcc-9/README.Bugs --enable-languages=c,ada,c++,go,brig,d,fortran,objc,obj-c++,gm2 --prefix=/usr --with-gcc-major-version-only --program-suffix=-9 --program-prefix=x86_64-linux-gnu- --enable-shared --enable-linker-build-id --libexecdir=/usr/lib --without-included-gettext --enable-threads=posix --libdir=/usr/lib --enable-nls --enable-clocale=gnu --enable-libstdcxx-debug --enable-libstdcxx-time=yes --with-default-libstdcxx-abi=new --enable-gnu-unique-object --disable-vtable-verify --enable-plugin --enable-default-pie --with-system-zlib --with-target-system-zlib=auto --enable-objc-gc=auto --enable-multiarch --disable-werror --with-arch-32=i686 --with-abi=m64 --with-multilib-list=m32,m64,mx32 --enable-multilib --with-tune=generic --enable-offload-targets=nvptx-none=/build/gcc-9-HskZEa/gcc-9-9.3.0/debian/tmp-nvptx/usr,hsa --without-cuda-driver --enable-checking=release --build=x86_64-linux-gnu --host=x86_64-linux-gnu --target=x86_64-linux-gnu
Thread model: posix
gcc version 9.3.0 (Ubuntu 9.3.0-17ubuntu1~20.04) 
configure:2680: $? = 0
configure:2669: gcc -V >&5
gcc: error: unrecognized command line option '-V'
gcc: fatal error: no input files
compilation terminated.
configure:2680: $? = 1
configure:2669: gcc -qversion >&5
gcc: error: unrecognized command line option '-qversion'; did you mean '--version'?
gcc: fatal error: no input files
compilation terminated.
configure:2680: $? = 1
configure:2700: checking whether the C compiler works
configure:2722: gcc    conftest.c  >&5
configure:2726: $? = 0
configure:2774: result: yes
configure:2777: checking for C compiler default output file name
configure:2779: result: a.out
configure:2785: checking for suffix of executables
configure:2792: gcc -o conftest    conftest.c  >&5
configure:2796: $? = 0
configure:2818: result: 
configure:2840: checking whether we are cross compiling
configure:2848: gcc -o conftest    conftest.c  >&5
configure:2852: $? = 0
configure:2859: ./conftest
configure:2863: $? = 0
configure:2878: result: no
configure:2883: checking for suffix of object files
configure:2905: gcc -c   conftest.c >&5
configure:2909: $? = 0
configure:2930: result: o
configure:2934: checking whether we are using the GNU C compiler
configure:2953: gcc -c   conftest.c >&5
configure:2953: $? = 0
configure:2962: result: yes
configure:2971: checking whether gcc accepts -g
configure:2991: gcc -c -g  conftest.c >&5
configure:2991: $? = 0
configure:3032: result: yes
configure:3049: checking for gcc option to accept ISO C89
configure:3112: gcc  -c -g -O2  conftest.c >&5
configure:3112: $? = 0
configure:3125: result: none needed
configure:3148: checking for memset
configure:3148: gcc -o conftest -g -O2   conftest.c  >&5
conftest.c:32:6: warning: conflicting types for built-in function 'memset'; expected 'void *(void *, int,  long unsigned int)' [-Wbuiltin-declaration-mismatch]
   32 | char memset ();
      |      ^~~~~~
conftest.c:20:1: note: 'memset' is declared in header '<string.h>'
   19 | # include <limits.h>
   20 | #else
configure:3148: $? = 0
configure:3148: result: yes
configure:3163: checking how to run the C preprocessor
configure:3194: gcc -E  conftest.c
configure:3194: $? = 0
configure:3208: gcc -E  conftest.c
conftest.c:10:10: fatal error: ac_nonexistent.h: No such file or directory
   10 | #include <ac_nonexistent.h>
      |          ^~~~~~~~~~~~~~~~~~
compilation terminated.
configure:3208: $? = 1
configure: failed program was:
| /* confdefs.h */
| #define PACKAGE_NAME "mwaved"
| #define PACKAGE_TARNAME "mwaved"
| #define PACKAGE_VERSION "1.0.0"
| #define PACKAGE_STRING "mwaved 1.0.0"
| #define PACKAGE_BUGREPORT ""
| #define PACKAGE_URL ""
| #define HAVE_MEMSET 1
| /* end confdefs.h.  */
| #include <ac_nonexistent.h>
configure:3233: result: gcc -E
configure:3253: gcc -E  conftest.c
configure:3253: $? = 0
configure:3267: gcc -E  conftest.c
conftest.c:10:10: fatal error: ac_nonexistent.h: No such file or directory
   10 | #include <ac_nonexistent.h>
      |          ^~~~~~~~~~~~~~~~~~
compilation terminated.
configure:3267: $? = 1
configure: failed program was:
| /* confdefs.h */
| #define PACKAGE_NAME "mwaved"
| #define PACKAGE_TARNAME "mwaved"
| #define PACKAGE_VERSION "1.0.0"
| #define PACKAGE_STRING "mwaved 1.0.0"
| #define PACKAGE_BUGREPORT ""
| #define PACKAGE_URL ""
| #define HAVE_MEMSET 1
| /* end confdefs.h.  */
| #include <ac_nonexistent.h>
configure:3296: checking for grep that handles long lines and -e
configure:3354: result: /usr/bin/grep
configure:3359: checking for egrep
configure:3421: result: /usr/bin/grep -E
configure:3426: checking for ANSI C header files
configure:3446: gcc -c -g -O2  conftest.c >&5
configure:3446: $? = 0
configure:3519: gcc -o conftest -g -O2   conftest.c  >&5
configure:3519: $? = 0
configure:3519: ./conftest
configure:3519: $? = 0
configure:3530: result: yes
configure:3543: checking for sys/types.h
configure:3543: gcc -c -g -O2  conftest.c >&5
configure:3543: $? = 0
configure:3543: result: yes
configure:3543: checking for sys/stat.h
configure:3543: gcc -c -g -O2  conftest.c >&5
configure:3543: $? = 0
configure:3543: result: yes
configure:3543: checking for stdlib.h
configure:3543: gcc -c -g -O2  conftest.c >&5
configure:3543: $? = 0
configure:3543: result: yes
configure:3543: checking for string.h
configure:3543: gcc -c -g -O2  conftest.c >&5
configure:3543: $? = 0
configure:3543: result: yes
configure:3543: checking for memory.h
configure:3543: gcc -c -g -O2  conftest.c >&5
configure:3543: $? = 0
configure:3543: result: yes
configure:3543: checking for strings.h
configure:3543: gcc -c -g -O2  conftest.c >&5
configure:3543: $? = 0
configure:3543: result: yes
configure:3543: checking for inttypes.h
configure:3543: gcc -c -g -O2  conftest.c >&5
configure:3543: $? = 0
configure:3543: result: yes
configure:3543: checking for stdint.h
configure:3543: gcc -c -g -O2  conftest.c >&5
configure:3543: $? = 0
configure:3543: result: yes
configure:3543: checking for unistd.h
configure:3543: gcc -c -g -O2  conftest.c >&5
configure:3543: $? = 0
configure:3543: result: yes
configure:3555: checking math.h usability
configure:3555: gcc -c -g -O2  conftest.c >&5
configure:3555: $? = 0
configure:3555: result: yes
configure:3555: checking math.h presence
configure:3555: gcc -E  conftest.c
configure:3555: $? = 0
configure:3555: result: yes
configure:3555: checking for math.h
configure:3555: result: yes
configure:3561: checking for cos in -lm
configure:3586: gcc -o conftest -g -O2   conftest.c -lm   >&5
conftest.c:27:6: warning: conflicting types for built-in function 'cos'; expected 'double(double)' [-Wbuiltin-declaration-mismatch]
   27 | char cos ();
      |      ^~~
conftest.c:1:1: note: 'cos' is declared in header '<math.h>'
    1 | /* confdefs.h */
configure:3586: $? = 0
configure:3595: result: yes
configure:3606: checking for sin in -lm
configure:3631: gcc -o conftest -g -O2   conftest.c -lm  -lm  >&5
conftest.c:28:6: warning: conflicting types for built-in function 'sin'; expected 'double(double)' [-Wbuiltin-declaration-mismatch]
   28 | char sin ();
      |      ^~~
conftest.c:1:1: note: 'sin' is declared in header '<math.h>'
    1 | /* confdefs.h */
configure:3631: $? = 0
configure:3640: result: yes
configure:3651: checking for sqrt in -lm
configure:3676: gcc -o conftest -g -O2   conftest.c -lm  -lm -lm  >&5
conftest.c:29:6: warning: conflicting types for built-in function 'sqrt'; expected 'double(double)' [-Wbuiltin-declaration-mismatch]
   29 | char sqrt ();
      |      ^~~~
conftest.c:1:1: note: 'sqrt' is declared in header '<math.h>'
    1 | /* confdefs.h */
configure:3676: $? = 0
configure:3685: result: yes
configure:3696: checking for floor in -lm
configure:3721: gcc -o conftest -g -O2   conftest.c -lm  -lm -lm -lm  >&5
conftest.c:30:6: warning: conflicting types for built-in function 'floor'; expected 'double(double)' [-Wbuiltin-declaration-mismatch]
   30 | char floor ();
      |      ^~~~~
conftest.c:1:1: note: 'floor' is declared in header '<math.h>'
    1 | /* confdefs.h */
configure:3721: $? = 0
configure:3730: result: yes
configure:3742: checking for fftw_malloc in -lfftw3
configure:3767: gcc -o conftest -g -O2   conftest.c -lfftw3  -lm -lm -lm -lm  >&5
configure:3767: $? = 0
configure:3776: result: yes
configure:3787: checking for fftw_free in -lfftw3
configure:3812: gcc -o conftest -g -O2   conftest.c -lfftw3  -lfftw3 -lm -lm -lm -lm  >&5
configure:3812: $? = 0
configure:3821: result: yes
configure:3832: checking for fftw_execute in -lfftw3
configure:3857: gcc -o conftest -g -O2   conftest.c -lfftw3  -lfftw3 -lfftw3 -lm -lm -lm -lm  >&5
configure:3857: $? = 0
configure:3866: result: yes
configure:3877: checking for fftw_destroy_plan in -lfftw3
configure:3902: gcc -o conftest -g -O2   conftest.c -lfftw3  -lfftw3 -lfftw3 -lfftw3 -lm -lm -lm -lm  >&5
configure:3902: $? = 0
configure:3911: result: yes
configure:3922: checking for fftw_plan_many_dft_r2c in -lfftw3
configure:3947: gcc -o conftest -g -O2   conftest.c -lfftw3  -lfftw3 -lfftw3 -lfftw3 -lfftw3 -lm -lm -lm -lm  >&5
configure:3947: $? = 0
configure:3956: result: yes
configure:3967: checking for fftw_plan_dft_c2r in -lfftw3
configure:3992: gcc -o conftest -g -O2   conftest.c -lfftw3  -lfftw3 -lfftw3 -lfftw3 -lfftw3 -lfftw3 -lm -lm -lm -lm  >&5
configure:3992: $? = 0
configure:4001: result: yes
configure:4012: checking for fftw_plan_dft_r2c_1d in -lfftw3
configure:4037: gcc -o conftest -g -O2   conftest.c -lfftw3  -lfftw3 -lfftw3 -lfftw3 -lfftw3 -lfftw3 -lfftw3 -lm -lm -lm -lm  >&5
configure:4037: $? = 0
configure:4046: result: yes
configure:3008: creating ./config.status

## ---------------------- ##
## Running config.status. ##
## ---------------------- ##

This file was extended by mwaved config.status 1.0.0, which was
generated by GNU Autoconf 2.69.  Invocation command line was

  CONFIG_FILES    = 
  CONFIG_HEADERS  = 
  CONFIG_LINKS    = 
  CONFIG_COMMANDS = 
  $ ./config.status 

on ml-experiments

config.status:729: creating src/Makevars

## ---------------- ##
## Cache variables. ##
## ---------------- ##

ac_cv_c_compiler_gnu=yes
ac_cv_env_CC_set=
ac_cv_env_CC_value=
ac_cv_env_CFLAGS_set=
ac_cv_env_CFLAGS_value=
ac_cv_env_CPPFLAGS_set=
ac_cv_env_CPPFLAGS_value=
ac_cv_env_CPP_set=
ac_cv_env_CPP_value=
ac_cv_env_FFTW_CFLAGS_set=
ac_cv_env_FFTW_CFLAGS_value=
ac_cv_env_FFTW_LIBS_set=
ac_cv_env_FFTW_LIBS_value=
ac_cv_env_LDFLAGS_set=
ac_cv_env_LDFLAGS_value=
ac_cv_env_LIBS_set=
ac_cv_env_LIBS_value=
ac_cv_env_PKG_CONFIG_LIBDIR_set=
ac_cv_env_PKG_CONFIG_LIBDIR_value=
ac_cv_env_PKG_CONFIG_PATH_set=
ac_cv_env_PKG_CONFIG_PATH_value=
ac_cv_env_PKG_CONFIG_set=
ac_cv_env_PKG_CONFIG_value=
ac_cv_env_build_alias_set=
ac_cv_env_build_alias_value=
ac_cv_env_host_alias_set=
ac_cv_env_host_alias_value=
ac_cv_env_target_alias_set=
ac_cv_env_target_alias_value=
ac_cv_func_memset=yes
ac_cv_header_inttypes_h=yes
ac_cv_header_math_h=yes
ac_cv_header_memory_h=yes
ac_cv_header_stdc=yes
ac_cv_header_stdint_h=yes
ac_cv_header_stdlib_h=yes
ac_cv_header_string_h=yes
ac_cv_header_strings_h=yes
ac_cv_header_sys_stat_h=yes
ac_cv_header_sys_types_h=yes
ac_cv_header_unistd_h=yes
ac_cv_lib_fftw3_fftw_destroy_plan=yes
ac_cv_lib_fftw3_fftw_execute=yes
ac_cv_lib_fftw3_fftw_free=yes
ac_cv_lib_fftw3_fftw_malloc=yes
ac_cv_lib_fftw3_fftw_plan_dft_c2r=yes
ac_cv_lib_fftw3_fftw_plan_dft_r2c_1d=yes
ac_cv_lib_fftw3_fftw_plan_many_dft_r2c=yes
ac_cv_lib_m_cos=yes
ac_cv_lib_m_floor=yes
ac_cv_lib_m_sin=yes
ac_cv_lib_m_sqrt=yes
ac_cv_objext=o
ac_cv_path_EGREP='/usr/bin/grep -E'
ac_cv_path_GREP=/usr/bin/grep
ac_cv_path_ac_pt_PKG_CONFIG=/usr/bin/pkg-config
ac_cv_prog_CPP='gcc -E'
ac_cv_prog_RSCRIPT=yes
ac_cv_prog_ac_ct_CC=gcc
ac_cv_prog_cc_c89=
ac_cv_prog_cc_g=yes
pkg_cv_FFTW_CFLAGS=
pkg_cv_FFTW_LIBS=-lfftw3

## ----------------- ##
## Output variables. ##
## ----------------- ##

CC='gcc'
CFLAGS='-g -O2'
CPP='gcc -E'
CPPFLAGS=''
CXXFLAGS=''
DEFS='-DPACKAGE_NAME=\"mwaved\" -DPACKAGE_TARNAME=\"mwaved\" -DPACKAGE_VERSION=\"1.0.0\" -DPACKAGE_STRING=\"mwaved\ 1.0.0\" -DPACKAGE_BUGREPORT=\"\" -DPACKAGE_URL=\"\" -DHAVE_MEMSET=1 -DSTDC_HEADERS=1 -DHAVE_SYS_TYPES_H=1 -DHAVE_SYS_STAT_H=1 -DHAVE_STDLIB_H=1 -DHAVE_STRING_H=1 -DHAVE_MEMORY_H=1 -DHAVE_STRINGS_H=1 -DHAVE_INTTYPES_H=1 -DHAVE_STDINT_H=1 -DHAVE_UNISTD_H=1 -DHAVE_LIBM=1 -DHAVE_LIBM=1 -DHAVE_LIBM=1 -DHAVE_LIBM=1 -DHAVE_LIBFFTW3=1 -DHAVE_LIBFFTW3=1 -DHAVE_LIBFFTW3=1 -DHAVE_LIBFFTW3=1 -DHAVE_LIBFFTW3=1 -DHAVE_LIBFFTW3=1 -DHAVE_LIBFFTW3=1'
ECHO_C=''
ECHO_N='-n'
ECHO_T=''
EGREP='/usr/bin/grep -E'
EXEEXT=''
FFTW_CFLAGS=''
FFTW_LIBS='-lfftw3'
GREP='/usr/bin/grep'
LDFLAGS=''
LIBOBJS=''
LIBS='-lfftw3 -lfftw3 -lfftw3 -lfftw3 -lfftw3 -lfftw3 -lfftw3 -lm -lm -lm -lm '
LTLIBOBJS=''
OBJEXT='o'
PACKAGE_BUGREPORT=''
PACKAGE_NAME='mwaved'
PACKAGE_STRING='mwaved 1.0.0'
PACKAGE_TARNAME='mwaved'
PACKAGE_URL=''
PACKAGE_VERSION='1.0.0'
PATH_SEPARATOR=':'
PKG_CONFIG='/usr/bin/pkg-config'
PKG_CONFIG_LIBDIR=''
PKG_CONFIG_PATH=''
RCPP_CXXFLAGS='-I/home/akhila/R/x86_64-pc-linux-gnu-library/4.0/Rcpp/include'
RCPP_LDFLAGS=''
RSCRIPT='yes'
SHELL='/bin/bash'
ac_ct_CC='gcc'
bindir='${exec_prefix}/bin'
build_alias=''
datadir='${datarootdir}'
datarootdir='${prefix}/share'
docdir='${datarootdir}/doc/${PACKAGE_TARNAME}'
dvidir='${docdir}'
exec_prefix='${prefix}'
host_alias=''
htmldir='${docdir}'
includedir='${prefix}/include'
infodir='${datarootdir}/info'
libdir='${exec_prefix}/lib'
libexecdir='${exec_prefix}/libexec'
localedir='${datarootdir}/locale'
localstatedir='${prefix}/var'
mandir='${datarootdir}/man'
oldincludedir='/usr/include'
pdfdir='${docdir}'
prefix='/usr/local'
program_transform_name='s,x,x,'
psdir='${docdir}'
sbindir='${exec_prefix}/sbin'
sharedstatedir='${prefix}/com'
sysconfdir='${prefix}/etc'
target_alias=''

## ----------- ##
## confdefs.h. ##
## ----------- ##

/* confdefs.h */
#define PACKAGE_NAME "mwaved"
#define PACKAGE_TARNAME "mwaved"
#define PACKAGE_VERSION "1.0.0"
#define PACKAGE_STRING "mwaved 1.0.0"
#define PACKAGE_BUGREPORT ""
#define PACKAGE_URL ""
#define HAVE_MEMSET 1
#define STDC_HEADERS 1
#define HAVE_SYS_TYPES_H 1
#define HAVE_SYS_STAT_H 1
#define HAVE_STDLIB_H 1
#define HAVE_STRING_H 1
#define HAVE_MEMORY_H 1
#define HAVE_STRINGS_H 1
#define HAVE_INTTYPES_H 1
#define HAVE_STDINT_H 1
#define HAVE_UNISTD_H 1
#define HAVE_LIBM 1
#define HAVE_LIBM 1
#define HAVE_LIBM 1
#define HAVE_LIBM 1
#define HAVE_LIBFFTW3 1
#define HAVE_LIBFFTW3 1
#define HAVE_LIBFFTW3 1
#define HAVE_LIBFFTW3 1
#define HAVE_LIBFFTW3 1
#define HAVE_LIBFFTW3 1
#define HAVE_LIBFFTW3 1

configure: exit 0
